[0.139s] DEBUG:colcon:Command line arguments: ['/usr/bin/colcon', 'build', '--symlink-install']
[0.139s] DEBUG:colcon:Parsed command line arguments: Namespace(log_base=None, log_level=None, verb_name='build', build_base='build', install_base='install', merge_install=False, symlink_install=True, test_result_base=None, continue_on_error=False, executor='parallel', parallel_workers=4, event_handlers=None, ignore_user_meta=False, metas=['./colcon.meta'], base_paths=['.'], packages_ignore=None, packages_ignore_regex=None, paths=None, packages_up_to=None, packages_up_to_regex=None, packages_above=None, packages_above_and_dependencies=None, packages_above_depth=None, packages_select_by_dep=None, packages_skip_by_dep=None, packages_skip_up_to=None, packages_select_build_failed=False, packages_skip_build_finished=False, packages_select_test_failures=False, packages_skip_test_passed=False, packages_select=None, packages_skip=None, packages_select_regex=None, packages_skip_regex=None, packages_start=None, packages_end=None, allow_overriding=[], cmake_args=None, cmake_target=None, cmake_target_skip_unavailable=False, cmake_clean_cache=False, cmake_clean_first=False, cmake_force_configure=False, ament_cmake_args=None, catkin_cmake_args=None, catkin_skip_building_tests=False, mixin_files=None, mixin=None, verb_parser=<colcon_mixin.mixin.mixin_argument.MixinArgumentDecorator object at 0xffffb3c11ca0>, verb_extension=<colcon_core.verb.build.BuildVerb object at 0xffffb2db7410>, main=<bound method BuildVerb.main of <colcon_core.verb.build.BuildVerb object at 0xffffb2db7410>>, mixin_verb=('build',))
[0.195s] Level 1:colcon.colcon_core.package_discovery:discover_packages(colcon_meta) check parameters
[0.195s] Level 1:colcon.colcon_core.package_discovery:discover_packages(recursive) check parameters
[0.195s] Level 1:colcon.colcon_core.package_discovery:discover_packages(ignore) check parameters
[0.195s] Level 1:colcon.colcon_core.package_discovery:discover_packages(path) check parameters
[0.195s] Level 1:colcon.colcon_core.package_discovery:discover_packages(colcon_meta) discover
[0.195s] Level 1:colcon.colcon_core.package_discovery:discover_packages(recursive) discover
[0.195s] INFO:colcon.colcon_core.package_discovery:Crawling recursively for packages in '/home/potato/ws'
[0.196s] Level 1:colcon.colcon_core.package_identification:_identify(.) by extensions ['ignore', 'ignore_ament_install']
[0.196s] Level 1:colcon.colcon_core.package_identification:_identify(.) by extension 'ignore'
[0.196s] Level 1:colcon.colcon_core.package_identification:_identify(.) by extension 'ignore_ament_install'
[0.196s] Level 1:colcon.colcon_core.package_identification:_identify(.) by extensions ['colcon_pkg']
[0.196s] Level 1:colcon.colcon_core.package_identification:_identify(.) by extension 'colcon_pkg'
[0.196s] Level 1:colcon.colcon_core.package_identification:_identify(.) by extensions ['colcon_meta']
[0.196s] Level 1:colcon.colcon_core.package_identification:_identify(.) by extension 'colcon_meta'
[0.196s] Level 1:colcon.colcon_core.package_identification:_identify(.) by extensions ['ros']
[0.196s] Level 1:colcon.colcon_core.package_identification:_identify(.) by extension 'ros'
[0.234s] Level 1:colcon.colcon_core.package_identification:_identify(.) by extensions ['cmake', 'python']
[0.234s] Level 1:colcon.colcon_core.package_identification:_identify(.) by extension 'cmake'
[0.234s] Level 1:colcon.colcon_core.package_identification:_identify(.) by extension 'python'
[0.234s] Level 1:colcon.colcon_core.package_identification:_identify(.) by extensions ['python_setup_py']
[0.234s] Level 1:colcon.colcon_core.package_identification:_identify(.) by extension 'python_setup_py'
[0.235s] Level 1:colcon.colcon_core.package_identification:_identify(build) by extensions ['ignore', 'ignore_ament_install']
[0.235s] Level 1:colcon.colcon_core.package_identification:_identify(build) by extension 'ignore'
[0.235s] Level 1:colcon.colcon_core.package_identification:_identify(build) ignored
[0.235s] Level 1:colcon.colcon_core.package_identification:_identify(install) by extensions ['ignore', 'ignore_ament_install']
[0.235s] Level 1:colcon.colcon_core.package_identification:_identify(install) by extension 'ignore'
[0.235s] Level 1:colcon.colcon_core.package_identification:_identify(install) ignored
[0.235s] Level 1:colcon.colcon_core.package_identification:_identify(log) by extensions ['ignore', 'ignore_ament_install']
[0.235s] Level 1:colcon.colcon_core.package_identification:_identify(log) by extension 'ignore'
[0.235s] Level 1:colcon.colcon_core.package_identification:_identify(log) ignored
[0.235s] Level 1:colcon.colcon_core.package_identification:_identify(src) by extensions ['ignore', 'ignore_ament_install']
[0.236s] Level 1:colcon.colcon_core.package_identification:_identify(src) by extension 'ignore'
[0.236s] Level 1:colcon.colcon_core.package_identification:_identify(src) by extension 'ignore_ament_install'
[0.236s] Level 1:colcon.colcon_core.package_identification:_identify(src) by extensions ['colcon_pkg']
[0.236s] Level 1:colcon.colcon_core.package_identification:_identify(src) by extension 'colcon_pkg'
[0.236s] Level 1:colcon.colcon_core.package_identification:_identify(src) by extensions ['colcon_meta']
[0.236s] Level 1:colcon.colcon_core.package_identification:_identify(src) by extension 'colcon_meta'
[0.236s] Level 1:colcon.colcon_core.package_identification:_identify(src) by extensions ['ros']
[0.236s] Level 1:colcon.colcon_core.package_identification:_identify(src) by extension 'ros'
[0.236s] Level 1:colcon.colcon_core.package_identification:_identify(src) by extensions ['cmake', 'python']
[0.236s] Level 1:colcon.colcon_core.package_identification:_identify(src) by extension 'cmake'
[0.236s] Level 1:colcon.colcon_core.package_identification:_identify(src) by extension 'python'
[0.236s] Level 1:colcon.colcon_core.package_identification:_identify(src) by extensions ['python_setup_py']
[0.236s] Level 1:colcon.colcon_core.package_identification:_identify(src) by extension 'python_setup_py'
[0.236s] Level 1:colcon.colcon_core.package_identification:_identify(src/ydlidar_ros2_driver) by extensions ['ignore', 'ignore_ament_install']
[0.236s] Level 1:colcon.colcon_core.package_identification:_identify(src/ydlidar_ros2_driver) by extension 'ignore'
[0.236s] Level 1:colcon.colcon_core.package_identification:_identify(src/ydlidar_ros2_driver) by extension 'ignore_ament_install'
[0.236s] Level 1:colcon.colcon_core.package_identification:_identify(src/ydlidar_ros2_driver) by extensions ['colcon_pkg']
[0.236s] Level 1:colcon.colcon_core.package_identification:_identify(src/ydlidar_ros2_driver) by extension 'colcon_pkg'
[0.236s] Level 1:colcon.colcon_core.package_identification:_identify(src/ydlidar_ros2_driver) by extensions ['colcon_meta']
[0.236s] Level 1:colcon.colcon_core.package_identification:_identify(src/ydlidar_ros2_driver) by extension 'colcon_meta'
[0.237s] Level 1:colcon.colcon_core.package_identification:_identify(src/ydlidar_ros2_driver) by extensions ['ros']
[0.237s] Level 1:colcon.colcon_core.package_identification:_identify(src/ydlidar_ros2_driver) by extension 'ros'
[0.240s] DEBUG:colcon.colcon_core.package_identification:Package 'src/ydlidar_ros2_driver' with type 'ros.ament_cmake' and name 'ydlidar_ros2_driver'
[0.240s] Level 1:colcon.colcon_core.package_discovery:discover_packages(recursive) using defaults
[0.240s] Level 1:colcon.colcon_core.package_discovery:discover_packages(ignore) discover
[0.240s] Level 1:colcon.colcon_core.package_discovery:discover_packages(ignore) using defaults
[0.240s] Level 1:colcon.colcon_core.package_discovery:discover_packages(path) discover
[0.240s] Level 1:colcon.colcon_core.package_discovery:discover_packages(path) using defaults
[0.263s] Level 1:colcon.colcon_core.package_discovery:discover_packages(prefix_path) check parameters
[0.263s] Level 1:colcon.colcon_core.package_discovery:discover_packages(prefix_path) discover
[0.265s] DEBUG:colcon.colcon_installed_package_information.package_discovery:Found 1 installed packages in /home/potato/ws/install
[0.267s] DEBUG:colcon.colcon_installed_package_information.package_discovery:Found 196 installed packages in /opt/ros/jazzy
[0.268s] Level 1:colcon.colcon_core.package_discovery:discover_packages(prefix_path) using defaults
[0.308s] Level 5:colcon.colcon_core.verb:set package 'ydlidar_ros2_driver' build argument 'cmake_args' from command line to 'None'
[0.309s] Level 5:colcon.colcon_core.verb:set package 'ydlidar_ros2_driver' build argument 'cmake_target' from command line to 'None'
[0.309s] Level 5:colcon.colcon_core.verb:set package 'ydlidar_ros2_driver' build argument 'cmake_target_skip_unavailable' from command line to 'False'
[0.309s] Level 5:colcon.colcon_core.verb:set package 'ydlidar_ros2_driver' build argument 'cmake_clean_cache' from command line to 'False'
[0.309s] Level 5:colcon.colcon_core.verb:set package 'ydlidar_ros2_driver' build argument 'cmake_clean_first' from command line to 'False'
[0.309s] Level 5:colcon.colcon_core.verb:set package 'ydlidar_ros2_driver' build argument 'cmake_force_configure' from command line to 'False'
[0.309s] Level 5:colcon.colcon_core.verb:set package 'ydlidar_ros2_driver' build argument 'ament_cmake_args' from command line to 'None'
[0.309s] Level 5:colcon.colcon_core.verb:set package 'ydlidar_ros2_driver' build argument 'catkin_cmake_args' from command line to 'None'
[0.309s] Level 5:colcon.colcon_core.verb:set package 'ydlidar_ros2_driver' build argument 'catkin_skip_building_tests' from command line to 'False'
[0.309s] DEBUG:colcon.colcon_core.verb:Building package 'ydlidar_ros2_driver' with the following arguments: {'ament_cmake_args': None, 'build_base': '/home/potato/ws/build/ydlidar_ros2_driver', 'catkin_cmake_args': None, 'catkin_skip_building_tests': False, 'cmake_args': None, 'cmake_clean_cache': False, 'cmake_clean_first': False, 'cmake_force_configure': False, 'cmake_target': None, 'cmake_target_skip_unavailable': False, 'install_base': '/home/potato/ws/install/ydlidar_ros2_driver', 'merge_install': False, 'path': '/home/potato/ws/src/ydlidar_ros2_driver', 'symlink_install': True, 'test_result_base': None}
[0.309s] INFO:colcon.colcon_core.executor:Executing jobs using 'parallel' executor
[0.310s] DEBUG:colcon.colcon_parallel_executor.executor.parallel:run_until_complete
[0.311s] INFO:colcon.colcon_ros.task.ament_cmake.build:Building ROS package in '/home/potato/ws/src/ydlidar_ros2_driver' with build type 'ament_cmake'
[0.311s] INFO:colcon.colcon_cmake.task.cmake.build:Building CMake package in '/home/potato/ws/src/ydlidar_ros2_driver'
[0.313s] INFO:colcon.colcon_core.plugin_system:Skipping extension 'colcon_core.shell.bat': Not used on non-Windows systems
[0.313s] INFO:colcon.colcon_core.shell:Skip shell extension 'powershell' for command environment: Not usable outside of PowerShell
[0.313s] DEBUG:colcon.colcon_core.shell:Skip shell extension 'dsv' for command environment
[0.325s] DEBUG:colcon.colcon_core.event_handler.log_command:Invoking command in '/home/potato/ws/build/ydlidar_ros2_driver': CMAKE_PREFIX_PATH=${CMAKE_PREFIX_PATH}:/opt/ros/jazzy /usr/bin/cmake --build /home/potato/ws/build/ydlidar_ros2_driver -- -j4 -l4
[14.673s] DEBUG:colcon.colcon_core.event_handler.log_command:Invoked command in '/home/potato/ws/build/ydlidar_ros2_driver' returned '0': CMAKE_PREFIX_PATH=${CMAKE_PREFIX_PATH}:/opt/ros/jazzy /usr/bin/cmake --build /home/potato/ws/build/ydlidar_ros2_driver -- -j4 -l4
[14.690s] DEBUG:colcon.colcon_core.event_handler.log_command:Invoking command in '/home/potato/ws/build/ydlidar_ros2_driver': CMAKE_PREFIX_PATH=${CMAKE_PREFIX_PATH}:/opt/ros/jazzy /usr/bin/cmake --install /home/potato/ws/build/ydlidar_ros2_driver
[14.730s] Level 1:colcon.colcon_core.environment:create_environment_scripts_only(ydlidar_ros2_driver)
[14.731s] DEBUG:colcon.colcon_core.event_handler.log_command:Invoked command in '/home/potato/ws/build/ydlidar_ros2_driver' returned '0': CMAKE_PREFIX_PATH=${CMAKE_PREFIX_PATH}:/opt/ros/jazzy /usr/bin/cmake --install /home/potato/ws/build/ydlidar_ros2_driver
[14.733s] Level 1:colcon.colcon_core.environment:checking '/home/potato/ws/install/ydlidar_ros2_driver' for CMake module files
[14.734s] Level 1:colcon.colcon_core.environment:checking '/home/potato/ws/install/ydlidar_ros2_driver' for CMake config files
[14.734s] Level 1:colcon.colcon_core.shell:create_environment_hook('ydlidar_ros2_driver', 'cmake_prefix_path')
[14.735s] INFO:colcon.colcon_core.shell:Creating environment hook '/home/potato/ws/install/ydlidar_ros2_driver/share/ydlidar_ros2_driver/hook/cmake_prefix_path.ps1'
[14.735s] INFO:colcon.colcon_core.shell:Creating environment descriptor '/home/potato/ws/install/ydlidar_ros2_driver/share/ydlidar_ros2_driver/hook/cmake_prefix_path.dsv'
[14.739s] INFO:colcon.colcon_core.shell:Creating environment hook '/home/potato/ws/install/ydlidar_ros2_driver/share/ydlidar_ros2_driver/hook/cmake_prefix_path.sh'
[14.741s] Level 1:colcon.colcon_core.environment:checking '/home/potato/ws/install/ydlidar_ros2_driver/lib'
[14.741s] Level 1:colcon.colcon_core.environment:checking '/home/potato/ws/install/ydlidar_ros2_driver/bin'
[14.741s] Level 1:colcon.colcon_core.environment:checking '/home/potato/ws/install/ydlidar_ros2_driver/lib/pkgconfig/ydlidar_ros2_driver.pc'
[14.741s] Level 1:colcon.colcon_core.environment:checking '/home/potato/ws/install/ydlidar_ros2_driver/lib/python3.12/site-packages'
[14.742s] Level 1:colcon.colcon_core.environment:checking '/home/potato/ws/install/ydlidar_ros2_driver/bin'
[14.742s] INFO:colcon.colcon_core.shell:Creating package script '/home/potato/ws/install/ydlidar_ros2_driver/share/ydlidar_ros2_driver/package.ps1'
[14.743s] INFO:colcon.colcon_core.shell:Creating package descriptor '/home/potato/ws/install/ydlidar_ros2_driver/share/ydlidar_ros2_driver/package.dsv'
[14.744s] INFO:colcon.colcon_core.shell:Creating package script '/home/potato/ws/install/ydlidar_ros2_driver/share/ydlidar_ros2_driver/package.sh'
[14.745s] INFO:colcon.colcon_core.shell:Creating package script '/home/potato/ws/install/ydlidar_ros2_driver/share/ydlidar_ros2_driver/package.bash'
[14.746s] INFO:colcon.colcon_core.shell:Creating package script '/home/potato/ws/install/ydlidar_ros2_driver/share/ydlidar_ros2_driver/package.zsh'
[14.747s] Level 1:colcon.colcon_core.environment:create_file_with_runtime_dependencies(/home/potato/ws/install/ydlidar_ros2_driver/share/colcon-core/packages/ydlidar_ros2_driver)
[14.748s] Level 1:colcon.colcon_core.environment:create_environment_scripts_only(ydlidar_ros2_driver)
[14.749s] Level 1:colcon.colcon_core.environment:checking '/home/potato/ws/install/ydlidar_ros2_driver' for CMake module files
[14.749s] Level 1:colcon.colcon_core.environment:checking '/home/potato/ws/install/ydlidar_ros2_driver' for CMake config files
[14.750s] Level 1:colcon.colcon_core.shell:create_environment_hook('ydlidar_ros2_driver', 'cmake_prefix_path')
[14.750s] INFO:colcon.colcon_core.shell:Creating environment hook '/home/potato/ws/install/ydlidar_ros2_driver/share/ydlidar_ros2_driver/hook/cmake_prefix_path.ps1'
[14.751s] INFO:colcon.colcon_core.shell:Creating environment descriptor '/home/potato/ws/install/ydlidar_ros2_driver/share/ydlidar_ros2_driver/hook/cmake_prefix_path.dsv'
[14.752s] INFO:colcon.colcon_core.shell:Creating environment hook '/home/potato/ws/install/ydlidar_ros2_driver/share/ydlidar_ros2_driver/hook/cmake_prefix_path.sh'
[14.753s] Level 1:colcon.colcon_core.environment:checking '/home/potato/ws/install/ydlidar_ros2_driver/lib'
[14.753s] Level 1:colcon.colcon_core.environment:checking '/home/potato/ws/install/ydlidar_ros2_driver/bin'
[14.753s] Level 1:colcon.colcon_core.environment:checking '/home/potato/ws/install/ydlidar_ros2_driver/lib/pkgconfig/ydlidar_ros2_driver.pc'
[14.754s] Level 1:colcon.colcon_core.environment:checking '/home/potato/ws/install/ydlidar_ros2_driver/lib/python3.12/site-packages'
[14.754s] Level 1:colcon.colcon_core.environment:checking '/home/potato/ws/install/ydlidar_ros2_driver/bin'
[14.754s] INFO:colcon.colcon_core.shell:Creating package script '/home/potato/ws/install/ydlidar_ros2_driver/share/ydlidar_ros2_driver/package.ps1'
[14.755s] INFO:colcon.colcon_core.shell:Creating package descriptor '/home/potato/ws/install/ydlidar_ros2_driver/share/ydlidar_ros2_driver/package.dsv'
[14.756s] INFO:colcon.colcon_core.shell:Creating package script '/home/potato/ws/install/ydlidar_ros2_driver/share/ydlidar_ros2_driver/package.sh'
[14.757s] INFO:colcon.colcon_core.shell:Creating package script '/home/potato/ws/install/ydlidar_ros2_driver/share/ydlidar_ros2_driver/package.bash'
[14.759s] INFO:colcon.colcon_core.shell:Creating package script '/home/potato/ws/install/ydlidar_ros2_driver/share/ydlidar_ros2_driver/package.zsh'
[14.760s] Level 1:colcon.colcon_core.environment:create_file_with_runtime_dependencies(/home/potato/ws/install/ydlidar_ros2_driver/share/colcon-core/packages/ydlidar_ros2_driver)
[14.762s] DEBUG:colcon.colcon_parallel_executor.executor.parallel:closing loop
[14.762s] DEBUG:colcon.colcon_parallel_executor.executor.parallel:loop closed
[14.762s] DEBUG:colcon.colcon_parallel_executor.executor.parallel:run_until_complete finished with '0'
[14.762s] DEBUG:colcon.colcon_core.event_reactor:joining thread
[14.770s] INFO:colcon.colcon_core.plugin_system:Skipping extension 'colcon_notification.desktop_notification.notify_send': Could not find 'notify-send'
[14.770s] INFO:colcon.colcon_core.plugin_system:Skipping extension 'colcon_notification.desktop_notification.terminal_notifier': Not used on non-Darwin systems
[14.770s] INFO:colcon.colcon_core.plugin_system:Skipping extension 'colcon_notification.desktop_notification.win32': Not used on non-Windows systems
[14.770s] INFO:colcon.colcon_notification.desktop_notification:Sending desktop notification using 'notify2'
[14.771s] DEBUG:colcon.colcon_notification.desktop_notification.notify2:Failed to initialize notify2: org.freedesktop.DBus.Error.ServiceUnknown: The name org.freedesktop.Notifications was not provided by any .service files
[14.772s] DEBUG:colcon.colcon_core.event_reactor:joined thread
[14.772s] INFO:colcon.colcon_core.shell:Creating prefix script '/home/potato/ws/install/local_setup.ps1'
[14.773s] INFO:colcon.colcon_core.shell:Creating prefix util module '/home/potato/ws/install/_local_setup_util_ps1.py'
[14.775s] INFO:colcon.colcon_core.shell:Creating prefix chain script '/home/potato/ws/install/setup.ps1'
[14.777s] INFO:colcon.colcon_core.shell:Creating prefix script '/home/potato/ws/install/local_setup.sh'
[14.778s] INFO:colcon.colcon_core.shell:Creating prefix util module '/home/potato/ws/install/_local_setup_util_sh.py'
[14.782s] INFO:colcon.colcon_core.shell:Creating prefix chain script '/home/potato/ws/install/setup.sh'
[14.785s] INFO:colcon.colcon_core.shell:Creating prefix script '/home/potato/ws/install/local_setup.bash'
[14.786s] INFO:colcon.colcon_core.shell:Creating prefix chain script '/home/potato/ws/install/setup.bash'
[14.787s] INFO:colcon.colcon_core.shell:Creating prefix script '/home/potato/ws/install/local_setup.zsh'
[14.789s] INFO:colcon.colcon_core.shell:Creating prefix chain script '/home/potato/ws/install/setup.zsh'
