[0.029s] Invoking command in '/home/potato/ws/build/gs2_publisher': /usr/bin/cmake /home/potato/ws/src/gs2_publisher -DCATKIN_INSTALL_INTO_PREFIX_ROOT=0 -DCATKIN_SYMLINK_INSTALL=ON -DCMAKE_INSTALL_PREFIX=/home/potato/ws/install/gs2_publisher
[0.771s] -- The C compiler identification is GNU 13.3.0
[1.249s] -- The CXX compiler identification is GNU 13.3.0
[1.291s] -- Detecting C compiler ABI info
[1.500s] -- Detecting C compiler ABI info - done
[1.515s] -- Check for working C compiler: /usr/bin/cc - skipped
[1.516s] -- Detecting C compile features
[1.517s] -- Detecting C compile features - done
[1.535s] -- Detecting CXX compiler ABI info
[1.726s] -- Detecting CXX compiler ABI info - done
[1.741s] -- Check for working CXX compiler: /usr/bin/c++ - skipped
[1.742s] -- Detecting CXX compile features
[1.742s] -- Detecting CXX compile features - done
[1.800s] -- Found ament_cmake: 2.5.4 (/opt/ros/jazzy/share/ament_cmake/cmake)
[2.051s] -- Found Python3: /usr/bin/python3 (found version "3.12.3") found components: Interpreter 
[2.277s] -- Found rclcpp: 28.1.12 (/opt/ros/jazzy/share/rclcpp/cmake)
[2.359s] -- Found rosidl_generator_c: 4.6.6 (/opt/ros/jazzy/share/rosidl_generator_c/cmake)
[2.386s] -- Found rosidl_generator_cpp: 4.6.6 (/opt/ros/jazzy/share/rosidl_generator_cpp/cmake)
[2.434s] -- Using all available rosidl_typesupport_c: rosidl_typesupport_fastrtps_c;rosidl_typesupport_introspection_c
[2.473s] -- Using all available rosidl_typesupport_cpp: rosidl_typesupport_fastrtps_cpp;rosidl_typesupport_introspection_cpp
[2.631s] -- Found rmw_implementation_cmake: 7.3.2 (/opt/ros/jazzy/share/rmw_implementation_cmake/cmake)
[2.638s] -- Found rmw_cyclonedds_cpp: 2.2.3 (/opt/ros/jazzy/share/rmw_cyclonedds_cpp/cmake)
[2.704s] -- Using RMW implementation 'rmw_cyclonedds_cpp' as default
[2.843s] -- Found sensor_msgs: 5.3.6 (/opt/ros/jazzy/share/sensor_msgs/cmake)
[2.962s] -- Performing Test CMAKE_HAVE_LIBC_PTHREAD
[3.178s] -- Performing Test CMAKE_HAVE_LIBC_PTHREAD - Success
[3.180s] -- Found Threads: TRUE  
[3.183s] -- Found ydlidar_sdk package
[3.184s] [33mCMake Warning at CMakeLists.txt:27 (message):
[3.184s]   ydlidar_sdk package found, but no target exported; falling back to manual
[3.184s]   link
[3.184s] 
[3.184s] [0m
[3.354s] -- Configuring done (3.2s)
[3.409s] -- Generating done (0.0s)
[3.412s] [33mCMake Warning:
[3.412s]   Manually-specified variables were not used by the project:
[3.413s] 
[3.413s]     CATKIN_INSTALL_INTO_PREFIX_ROOT
[3.413s]     CATKIN_SYMLINK_INSTALL
[3.413s] 
[3.413s] [0m
[3.418s] -- Build files have been written to: /home/potato/ws/build/gs2_publisher
[3.436s] Invoked command in '/home/potato/ws/build/gs2_publisher' returned '0': /usr/bin/cmake /home/potato/ws/src/gs2_publisher -DCATKIN_INSTALL_INTO_PREFIX_ROOT=0 -DCATKIN_SYMLINK_INSTALL=ON -DCMAKE_INSTALL_PREFIX=/home/potato/ws/install/gs2_publisher
[3.438s] Invoking command in '/home/potato/ws/build/gs2_publisher': /usr/bin/cmake --build /home/potato/ws/build/gs2_publisher -- -j4 -l4
[3.628s] [100%] Built target gs2_node
[3.647s] Invoked command in '/home/potato/ws/build/gs2_publisher' returned '0': /usr/bin/cmake --build /home/potato/ws/build/gs2_publisher -- -j4 -l4
[3.664s] Invoking command in '/home/potato/ws/build/gs2_publisher': /usr/bin/cmake --install /home/potato/ws/build/gs2_publisher
[3.679s] -- Install configuration: ""
[3.685s] -- Up-to-date: /home/potato/ws/install/gs2_publisher/lib/gs2_publisher/gs2_node
[3.686s] -- Up-to-date: /home/potato/ws/install/gs2_publisher/share/ament_index/resource_index/package_run_dependencies/gs2_publisher
[3.687s] -- Installing: /home/potato/ws/install/gs2_publisher/share/ament_index/resource_index/parent_prefix_path/gs2_publisher
[3.688s] -- Up-to-date: /home/potato/ws/install/gs2_publisher/share/gs2_publisher/environment/ament_prefix_path.sh
[3.688s] -- Up-to-date: /home/potato/ws/install/gs2_publisher/share/gs2_publisher/environment/ament_prefix_path.dsv
[3.688s] -- Up-to-date: /home/potato/ws/install/gs2_publisher/share/gs2_publisher/environment/path.sh
[3.689s] -- Up-to-date: /home/potato/ws/install/gs2_publisher/share/gs2_publisher/environment/path.dsv
[3.689s] -- Up-to-date: /home/potato/ws/install/gs2_publisher/share/gs2_publisher/local_setup.bash
[3.689s] -- Up-to-date: /home/potato/ws/install/gs2_publisher/share/gs2_publisher/local_setup.sh
[3.689s] -- Up-to-date: /home/potato/ws/install/gs2_publisher/share/gs2_publisher/local_setup.zsh
[3.689s] -- Up-to-date: /home/potato/ws/install/gs2_publisher/share/gs2_publisher/local_setup.dsv
[3.689s] -- Installing: /home/potato/ws/install/gs2_publisher/share/gs2_publisher/package.dsv
[3.689s] -- Up-to-date: /home/potato/ws/install/gs2_publisher/share/ament_index/resource_index/packages/gs2_publisher
[3.690s] -- Up-to-date: /home/potato/ws/install/gs2_publisher/share/gs2_publisher/cmake/gs2_publisherConfig.cmake
[3.690s] -- Up-to-date: /home/potato/ws/install/gs2_publisher/share/gs2_publisher/cmake/gs2_publisherConfig-version.cmake
[3.690s] -- Up-to-date: /home/potato/ws/install/gs2_publisher/share/gs2_publisher/package.xml
[3.693s] Invoked command in '/home/potato/ws/build/gs2_publisher' returned '0': /usr/bin/cmake --install /home/potato/ws/build/gs2_publisher
