[0.019s] Invoking command in '/home/potato/ws/build/ydlidar_ros2_driver': CMAKE_PREFIX_PATH=${CMAKE_PREFIX_PATH}:/opt/ros/jazzy /usr/bin/cmake /home/potato/ws/src/ydlidar_ros2_driver -DAMENT_CMAKE_SYMLINK_INSTALL=1 -DCMAKE_INSTALL_PREFIX=/home/potato/ws/install/ydlidar_ros2_driver
[0.133s] -- The C compiler identification is GNU 13.3.0
[0.249s] -- The CXX compiler identification is GNU 13.3.0
[0.276s] -- Detecting C compiler ABI info
[0.448s] -- Detecting C compiler ABI info - done
[0.464s] -- Check for working C compiler: /usr/bin/cc - skipped
[0.464s] -- Detecting C compile features
[0.465s] -- Detecting C compile features - done
[0.479s] -- Detecting CXX compiler ABI info
[0.665s] -- Detecting CXX compiler ABI info - done
[0.681s] -- Check for working CXX compiler: /usr/bin/c++ - skipped
[0.681s] -- Detecting CXX compile features
[0.682s] -- Detecting CXX compile features - done
[0.685s] -- Found ament_cmake: 2.5.4 (/opt/ros/jazzy/share/ament_cmake/cmake)
[0.925s] -- Found Python3: /usr/bin/python3 (found version "3.12.3") found components: Interpreter 
[1.063s] -- Override CMake install command with custom implementation using symlinks instead of copying resources
[1.097s] -- Found rclcpp: 28.1.12 (/opt/ros/jazzy/share/rclcpp/cmake)
[1.142s] -- Found rosidl_generator_c: 4.6.6 (/opt/ros/jazzy/share/rosidl_generator_c/cmake)
[1.160s] -- Found rosidl_generator_cpp: 4.6.6 (/opt/ros/jazzy/share/rosidl_generator_cpp/cmake)
[1.181s] -- Using all available rosidl_typesupport_c: rosidl_typesupport_fastrtps_c;rosidl_typesupport_introspection_c
[1.206s] -- Using all available rosidl_typesupport_cpp: rosidl_typesupport_fastrtps_cpp;rosidl_typesupport_introspection_cpp
[1.307s] -- Found rmw_implementation_cmake: 7.3.2 (/opt/ros/jazzy/share/rmw_implementation_cmake/cmake)
[1.310s] -- Found rmw_cyclonedds_cpp: 2.2.3 (/opt/ros/jazzy/share/rmw_cyclonedds_cpp/cmake)
[1.345s] -- Using RMW implementation 'rmw_cyclonedds_cpp' as default
[1.432s] -- Found sensor_msgs: 5.3.6 (/opt/ros/jazzy/share/sensor_msgs/cmake)
[1.512s] -- Found visualization_msgs: 5.3.6 (/opt/ros/jazzy/share/visualization_msgs/cmake)
[1.552s] -- Found std_srvs: 5.3.6 (/opt/ros/jazzy/share/std_srvs/cmake)
[1.584s] -- Found ament_lint_auto: 0.17.3 (/opt/ros/jazzy/share/ament_lint_auto/cmake)
[1.779s] -- Added test 'copyright' to check source files copyright and LICENSE
[1.785s] -- Added test 'cppcheck' to perform static code analysis on C / C++ code
[1.785s] -- Configured cppcheck include dirs: /home/potato/ws/src/ydlidar_ros2_driver/src
[1.785s] -- Configured cppcheck exclude dirs and/or files: 
[1.791s] -- Added test 'cpplint' to check C / C++ code against the Google style
[1.791s] -- Configured cpplint exclude dirs and/or files: 
[1.792s] -- Added test 'flake8' to check Python code syntax and style conventions
[1.792s] -- Configured 'flake8' exclude dirs and/or files: 
[1.793s] -- Added test 'lint_cmake' to check CMake code style
[1.795s] -- Added test 'pep257' to check Python code against some of the docstring style conventions in PEP 257
[1.800s] -- Added test 'uncrustify' to check C / C++ code style
[1.800s] -- Configured uncrustify additional arguments: 
[1.801s] -- Added test 'xmllint' to check XML markup files
[1.803s] -- Configuring done (1.8s)
[1.838s] -- Generating done (0.0s)
[1.855s] -- Build files have been written to: /home/potato/ws/build/ydlidar_ros2_driver
