[0.017s] Invoking command in '/home/potato/ws/build/ydlidar_ros2_driver': CMAKE_PREFIX_PATH=/opt/ros/jazzy /usr/bin/cmake /home/potato/ws/src/ydlidar_ros2_driver -DAMENT_CMAKE_SYMLINK_INSTALL=1 -DCMAKE_INSTALL_PREFIX=/home/potato/ws/install/ydlidar_ros2_driver
[0.129s] -- The C compiler identification is GNU 13.3.0
[0.241s] -- The CXX compiler identification is GNU 13.3.0
[0.268s] -- Detecting C compiler ABI info
[0.437s] -- Detecting C compiler ABI info - done
[0.451s] -- Check for working C compiler: /usr/bin/cc - skipped
[0.452s] -- Detecting C compile features
[0.452s] -- Detecting C compile features - done
[0.466s] -- Detecting CXX compiler ABI info
[0.655s] -- Detecting CXX compiler ABI info - done
[0.670s] -- Check for working CXX compiler: /usr/bin/c++ - skipped
[0.670s] -- Detecting CXX compile features
[0.671s] -- Detecting CXX compile features - done
[0.674s] -- Found ament_cmake: 2.5.4 (/opt/ros/jazzy/share/ament_cmake/cmake)
[0.909s] -- Found Python3: /usr/bin/python3 (found version "3.12.3") found components: Interpreter 
[1.047s] -- Override CMake install command with custom implementation using symlinks instead of copying resources
[1.076s] -- Found rclcpp: 28.1.12 (/opt/ros/jazzy/share/rclcpp/cmake)
[1.116s] -- Found rosidl_generator_c: 4.6.6 (/opt/ros/jazzy/share/rosidl_generator_c/cmake)
[1.133s] -- Found rosidl_generator_cpp: 4.6.6 (/opt/ros/jazzy/share/rosidl_generator_cpp/cmake)
[1.153s] -- Using all available rosidl_typesupport_c: rosidl_typesupport_fastrtps_c;rosidl_typesupport_introspection_c
[1.175s] -- Using all available rosidl_typesupport_cpp: rosidl_typesupport_fastrtps_cpp;rosidl_typesupport_introspection_cpp
[1.270s] -- Found rmw_implementation_cmake: 7.3.2 (/opt/ros/jazzy/share/rmw_implementation_cmake/cmake)
[1.273s] -- Found rmw_cyclonedds_cpp: 2.2.3 (/opt/ros/jazzy/share/rmw_cyclonedds_cpp/cmake)
[1.304s] -- Using RMW implementation 'rmw_cyclonedds_cpp' as default
[1.386s] -- Found sensor_msgs: 5.3.6 (/opt/ros/jazzy/share/sensor_msgs/cmake)
[1.460s] -- Found visualization_msgs: 5.3.6 (/opt/ros/jazzy/share/visualization_msgs/cmake)
[1.499s] -- Found std_srvs: 5.3.6 (/opt/ros/jazzy/share/std_srvs/cmake)
[1.531s] -- Found ament_lint_auto: 0.17.3 (/opt/ros/jazzy/share/ament_lint_auto/cmake)
[1.724s] -- Added test 'copyright' to check source files copyright and LICENSE
[1.730s] -- Added test 'cppcheck' to perform static code analysis on C / C++ code
[1.730s] -- Configured cppcheck include dirs: /home/potato/ws/src/ydlidar_ros2_driver/src
[1.730s] -- Configured cppcheck exclude dirs and/or files: 
[1.736s] -- Added test 'cpplint' to check C / C++ code against the Google style
[1.736s] -- Configured cpplint exclude dirs and/or files: 
[1.737s] -- Added test 'flake8' to check Python code syntax and style conventions
[1.737s] -- Configured 'flake8' exclude dirs and/or files: 
[1.739s] -- Added test 'lint_cmake' to check CMake code style
[1.741s] -- Added test 'pep257' to check Python code against some of the docstring style conventions in PEP 257
[1.746s] -- Added test 'uncrustify' to check C / C++ code style
[1.746s] -- Configured uncrustify additional arguments: 
[1.748s] -- Added test 'xmllint' to check XML markup files
[1.750s] -- Configuring done (1.7s)
[1.788s] -- Generating done (0.0s)
[1.804s] -- Build files have been written to: /home/potato/ws/build/ydlidar_ros2_driver
[1.822s] Invoked command in '/home/potato/ws/build/ydlidar_ros2_driver' returned '0': CMAKE_PREFIX_PATH=/opt/ros/jazzy /usr/bin/cmake /home/potato/ws/src/ydlidar_ros2_driver -DAMENT_CMAKE_SYMLINK_INSTALL=1 -DCMAKE_INSTALL_PREFIX=/home/potato/ws/install/ydlidar_ros2_driver
[1.825s] Invoking command in '/home/potato/ws/build/ydlidar_ros2_driver': CMAKE_PREFIX_PATH=/opt/ros/jazzy /usr/bin/cmake --build /home/potato/ws/build/ydlidar_ros2_driver -- -j4 -l4
[1.929s] [ 50%] Built target ydlidar_ros2_driver_client
[1.938s] [100%] Built target ydlidar_ros2_driver_node
[1.959s] Invoked command in '/home/potato/ws/build/ydlidar_ros2_driver' returned '0': CMAKE_PREFIX_PATH=/opt/ros/jazzy /usr/bin/cmake --build /home/potato/ws/build/ydlidar_ros2_driver -- -j4 -l4
[1.976s] Invoking command in '/home/potato/ws/build/ydlidar_ros2_driver': CMAKE_PREFIX_PATH=/opt/ros/jazzy /usr/bin/cmake --install /home/potato/ws/build/ydlidar_ros2_driver
[1.990s] -- Install configuration: ""
[1.991s] -- Execute custom install script
[1.991s] -- Up-to-date symlink: /home/potato/ws/install/ydlidar_ros2_driver/lib/ydlidar_ros2_driver/ydlidar_ros2_driver_node
[1.991s] -- Up-to-date symlink: /home/potato/ws/install/ydlidar_ros2_driver/lib/ydlidar_ros2_driver/ydlidar_ros2_driver_client
[1.992s] -- Up-to-date symlink: /home/potato/ws/install/ydlidar_ros2_driver/share/ydlidar_ros2_driver/launch/ydlidar.py
[1.992s] -- Up-to-date symlink: /home/potato/ws/install/ydlidar_ros2_driver/share/ydlidar_ros2_driver/launch/ydlidar_launch.py
[1.992s] -- Up-to-date symlink: /home/potato/ws/install/ydlidar_ros2_driver/share/ydlidar_ros2_driver/launch/ydlidar_launch_view.py
[1.993s] -- Up-to-date symlink: /home/potato/ws/install/ydlidar_ros2_driver/share/ydlidar_ros2_driver/params/G1.yaml
[1.993s] -- Up-to-date symlink: /home/potato/ws/install/ydlidar_ros2_driver/share/ydlidar_ros2_driver/params/G2.yaml
[1.993s] -- Up-to-date symlink: /home/potato/ws/install/ydlidar_ros2_driver/share/ydlidar_ros2_driver/params/G4.yaml
[1.993s] -- Up-to-date symlink: /home/potato/ws/install/ydlidar_ros2_driver/share/ydlidar_ros2_driver/params/G6.yaml
[1.993s] -- Up-to-date symlink: /home/potato/ws/install/ydlidar_ros2_driver/share/ydlidar_ros2_driver/params/GS2.yaml
[1.993s] -- Up-to-date symlink: /home/potato/ws/install/ydlidar_ros2_driver/share/ydlidar_ros2_driver/params/GS5.yaml
[1.994s] -- Up-to-date symlink: /home/potato/ws/install/ydlidar_ros2_driver/share/ydlidar_ros2_driver/params/TEA.yaml
[1.994s] -- Up-to-date symlink: /home/potato/ws/install/ydlidar_ros2_driver/share/ydlidar_ros2_driver/params/TG.yaml
[1.995s] -- Up-to-date symlink: /home/potato/ws/install/ydlidar_ros2_driver/share/ydlidar_ros2_driver/params/Tmini-Plus-SH.yaml
[1.995s] -- Up-to-date symlink: /home/potato/ws/install/ydlidar_ros2_driver/share/ydlidar_ros2_driver/params/Tmini.yaml
[1.995s] -- Up-to-date symlink: /home/potato/ws/install/ydlidar_ros2_driver/share/ydlidar_ros2_driver/params/X2.yaml
[1.995s] -- Up-to-date symlink: /home/potato/ws/install/ydlidar_ros2_driver/share/ydlidar_ros2_driver/params/X3.yaml
[1.995s] -- Up-to-date symlink: /home/potato/ws/install/ydlidar_ros2_driver/share/ydlidar_ros2_driver/params/X4-Pro.yaml
[1.996s] -- Up-to-date symlink: /home/potato/ws/install/ydlidar_ros2_driver/share/ydlidar_ros2_driver/params/X4.yaml
[1.996s] -- Up-to-date symlink: /home/potato/ws/install/ydlidar_ros2_driver/share/ydlidar_ros2_driver/params/sdm15.yaml
[1.997s] -- Up-to-date symlink: /home/potato/ws/install/ydlidar_ros2_driver/share/ydlidar_ros2_driver/params/ydlidar.yaml
[1.997s] -- Up-to-date symlink: /home/potato/ws/install/ydlidar_ros2_driver/share/ydlidar_ros2_driver/startup/initenv.sh
[1.997s] -- Up-to-date symlink: /home/potato/ws/install/ydlidar_ros2_driver/share/ydlidar_ros2_driver/config/ydlidar.rviz
[1.997s] -- Up-to-date symlink: /home/potato/ws/install/ydlidar_ros2_driver/share/ament_index/resource_index/package_run_dependencies/ydlidar_ros2_driver
[1.997s] -- Up-to-date symlink: /home/potato/ws/install/ydlidar_ros2_driver/share/ament_index/resource_index/parent_prefix_path/ydlidar_ros2_driver
[1.997s] -- Up-to-date symlink: /home/potato/ws/install/ydlidar_ros2_driver/share/ydlidar_ros2_driver/environment/ament_prefix_path.sh
[1.997s] -- Up-to-date symlink: /home/potato/ws/install/ydlidar_ros2_driver/share/ydlidar_ros2_driver/environment/ament_prefix_path.dsv
[1.997s] -- Up-to-date symlink: /home/potato/ws/install/ydlidar_ros2_driver/share/ydlidar_ros2_driver/environment/path.sh
[1.997s] -- Up-to-date symlink: /home/potato/ws/install/ydlidar_ros2_driver/share/ydlidar_ros2_driver/environment/path.dsv
[1.998s] -- Up-to-date symlink: /home/potato/ws/install/ydlidar_ros2_driver/share/ydlidar_ros2_driver/local_setup.bash
[1.998s] -- Up-to-date symlink: /home/potato/ws/install/ydlidar_ros2_driver/share/ydlidar_ros2_driver/local_setup.sh
[1.998s] -- Up-to-date symlink: /home/potato/ws/install/ydlidar_ros2_driver/share/ydlidar_ros2_driver/local_setup.zsh
[1.998s] -- Up-to-date symlink: /home/potato/ws/install/ydlidar_ros2_driver/share/ydlidar_ros2_driver/local_setup.dsv
[1.998s] -- Symlinking: /home/potato/ws/install/ydlidar_ros2_driver/share/ydlidar_ros2_driver/package.dsv
[2.014s] -- Up-to-date symlink: /home/potato/ws/install/ydlidar_ros2_driver/share/ament_index/resource_index/packages/ydlidar_ros2_driver
[2.014s] -- Up-to-date symlink: /home/potato/ws/install/ydlidar_ros2_driver/share/ydlidar_ros2_driver/cmake/ydlidar_ros2_driverConfig.cmake
[2.014s] -- Up-to-date symlink: /home/potato/ws/install/ydlidar_ros2_driver/share/ydlidar_ros2_driver/cmake/ydlidar_ros2_driverConfig-version.cmake
[2.015s] -- Up-to-date symlink: /home/potato/ws/install/ydlidar_ros2_driver/share/ydlidar_ros2_driver/package.xml
[2.030s] Invoked command in '/home/potato/ws/build/ydlidar_ros2_driver' returned '0': CMAKE_PREFIX_PATH=/opt/ros/jazzy /usr/bin/cmake --install /home/potato/ws/build/ydlidar_ros2_driver
