[0.016s] Invoking command in '/home/potato/ws/build/gs2_publisher': /usr/bin/cmake /home/potato/ws/src/gs2_publisher -DCATKIN_INSTALL_INTO_PREFIX_ROOT=0 -DCATKIN_SYMLINK_INSTALL=ON -DCMAKE_INSTALL_PREFIX=/home/potato/ws/install/gs2_publisher
[0.134s] -- The C compiler identification is GNU 13.3.0
[0.252s] -- The CXX compiler identification is GNU 13.3.0
[0.279s] -- Detecting C compiler ABI info
[0.448s] -- Detecting C compiler ABI info - done
[0.463s] -- Check for working C compiler: /usr/bin/cc - skipped
[0.464s] -- Detecting C compile features
[0.464s] -- Detecting C compile features - done
[0.479s] -- Detecting CXX compiler ABI info
[0.667s] -- Detecting CXX compiler ABI info - done
[0.683s] -- Check for working CXX compiler: /usr/bin/c++ - skipped
[0.683s] -- Detecting CXX compile features
[0.684s] -- Detecting CXX compile features - done
[0.687s] -- Found ament_cmake: 2.5.4 (/opt/ros/jazzy/share/ament_cmake/cmake)
[0.926s] -- Found Python3: /usr/bin/python3 (found version "3.12.3") found components: Interpreter 
[1.096s] -- Found rclcpp: 28.1.12 (/opt/ros/jazzy/share/rclcpp/cmake)
[1.139s] -- Found rosidl_generator_c: 4.6.6 (/opt/ros/jazzy/share/rosidl_generator_c/cmake)
[1.156s] -- Found rosidl_generator_cpp: 4.6.6 (/opt/ros/jazzy/share/rosidl_generator_cpp/cmake)
[1.177s] -- Using all available rosidl_typesupport_c: rosidl_typesupport_fastrtps_c;rosidl_typesupport_introspection_c
[1.200s] -- Using all available rosidl_typesupport_cpp: rosidl_typesupport_fastrtps_cpp;rosidl_typesupport_introspection_cpp
[1.298s] -- Found rmw_implementation_cmake: 7.3.2 (/opt/ros/jazzy/share/rmw_implementation_cmake/cmake)
[1.301s] -- Found rmw_cyclonedds_cpp: 2.2.3 (/opt/ros/jazzy/share/rmw_cyclonedds_cpp/cmake)
[1.334s] -- Using RMW implementation 'rmw_cyclonedds_cpp' as default
[1.417s] -- Found sensor_msgs: 5.3.6 (/opt/ros/jazzy/share/sensor_msgs/cmake)
[1.493s] [33mCMake Warning at CMakeLists.txt:27 (message):
[1.493s]   ydlidar_sdk package found, but no target exported; falling back to manual
[1.493s]   link
[1.494s] 
[1.494s] [0m
[1.494s] -- Found ydlidar_sdk package
[1.654s] -- Configuring done (1.6s)
[1.681s] -- Generating done (0.0s)
[1.689s] [33mCMake Warning:
[1.689s]   Manually-specified variables were not used by the project:
[1.690s] 
[1.690s]     CATKIN_INSTALL_INTO_PREFIX_ROOT
[1.690s]     CATKIN_SYMLINK_INSTALL
[1.690s] 
[1.690s] [0m
[1.694s] -- Build files have been written to: /home/potato/ws/build/gs2_publisher
[1.715s] Invoked command in '/home/potato/ws/build/gs2_publisher' returned '0': /usr/bin/cmake /home/potato/ws/src/gs2_publisher -DCATKIN_INSTALL_INTO_PREFIX_ROOT=0 -DCATKIN_SYMLINK_INSTALL=ON -DCMAKE_INSTALL_PREFIX=/home/potato/ws/install/gs2_publisher
[1.718s] Invoking command in '/home/potato/ws/build/gs2_publisher': /usr/bin/cmake --build /home/potato/ws/build/gs2_publisher -- -j4 -l4
[1.816s] [ 50%] [32mBuilding CXX object CMakeFiles/gs2_node.dir/src/gs2_node.cpp.o[0m
[5.017s] [01m[K/home/potato/ws/src/gs2_publisher/src/gs2_node.cpp:10:16:[m[K [01;31m[Kerror: [m[K‘[01m[KCYdLidar[m[K’ has not been declared in ‘[01m[Kydlidar[m[K’
[5.017s]    10 | using ydlidar::[01;31m[KCYdLidar[m[K;
[5.017s]       |                [01;31m[K^~~~~~~~[m[K
[5.018s] [01m[K/home/potato/ws/src/gs2_publisher/src/gs2_node.cpp:11:16:[m[K [01;31m[Kerror: [m[K‘[01m[KLaserScan[m[K’ has not been declared in ‘[01m[Kydlidar[m[K’
[5.018s]    11 | using ydlidar::[01;31m[KLaserScan[m[K;
[5.018s]       |                [01;31m[K^~~~~~~~~[m[K
[5.032s] [01m[K/home/potato/ws/src/gs2_publisher/src/gs2_node.cpp:[m[K In constructor ‘[01m[KGS2Node::[01;32m[KGS2Node[m[K()[m[K’:
[5.032s] [01m[K/home/potato/ws/src/gs2_publisher/src/gs2_node.cpp:52:36:[m[K [01;31m[Kerror: [m[K‘[01m[KLidarPropSerialPort[m[K’ is not a member of ‘[01m[Kydlidar[m[K’; did you mean ‘[01m[KLidarPropSerialPort[m[K’?
[5.032s]    52 |     set_str_prop(laser_,  ydlidar::[01;31m[KLidarPropSerialPort[m[K,      port_, get_logger());
[5.032s]       |                                    [01;31m[K^~~~~~~~~~~~~~~~~~~[m[K
[5.032s] In file included from [01m[K/usr/local/include/src/CYdLidar.h:47[m[K,
[5.033s]                  from [01m[K/home/potato/ws/src/gs2_publisher/src/gs2_node.cpp:5[m[K:
[5.033s] [01m[K/usr/local/include/core/common/ydlidar_def.h:62:3:[m[K [01;36m[Knote: [m[K‘[01m[KLidarPropSerialPort[m[K’ declared here
[5.033s]    62 |   [01;36m[KLidarPropSerialPort[m[K = 0,/**< Lidar serial port or network ipaddress */
[5.033s]       |   [01;36m[K^~~~~~~~~~~~~~~~~~~[m[K
[5.033s] [01m[K/home/potato/ws/src/gs2_publisher/src/gs2_node.cpp:53:36:[m[K [01;31m[Kerror: [m[K‘[01m[KLidarPropSerialBaudrate[m[K’ is not a member of ‘[01m[Kydlidar[m[K’; did you mean ‘[01m[KLidarPropSerialBaudrate[m[K’?
[5.033s]    53 |     set_int_prop(laser_,  ydlidar::[01;31m[KLidarPropSerialBaudrate[m[K,  baud_, get_logger());
[5.033s]       |                                    [01;31m[K^~~~~~~~~~~~~~~~~~~~~~~[m[K
[5.033s] [01m[K/usr/local/include/core/common/ydlidar_def.h:65:3:[m[K [01;36m[Knote: [m[K‘[01m[KLidarPropSerialBaudrate[m[K’ declared here
[5.033s]    65 |   [01;36m[KLidarPropSerialBaudrate[m[K = 10,/**< lidar serial baudrate or network port */
[5.034s]       |   [01;36m[K^~~~~~~~~~~~~~~~~~~~~~~[m[K
[5.034s] [01m[K/home/potato/ws/src/gs2_publisher/src/gs2_node.cpp:55:36:[m[K [01;31m[Kerror: [m[K‘[01m[KLidarPropLidarType[m[K’ is not a member of ‘[01m[Kydlidar[m[K’; did you mean ‘[01m[KLidarPropLidarType[m[K’?
[5.034s]    55 |     set_int_prop(laser_,  ydlidar::[01;31m[KLidarPropLidarType[m[K,       ydlidar::TYPE_TOF, get_logger());
[5.034s]       |                                    [01;31m[K^~~~~~~~~~~~~~~~~~[m[K
[5.034s] [01m[K/usr/local/include/core/common/ydlidar_def.h:66:3:[m[K [01;36m[Knote: [m[K‘[01m[KLidarPropLidarType[m[K’ declared here
[5.034s]    66 |   [01;36m[KLidarPropLidarType[m[K,/**< lidar type code */
[5.034s]       |   [01;36m[K^~~~~~~~~~~~~~~~~~[m[K
[5.035s] [01m[K/home/potato/ws/src/gs2_publisher/src/gs2_node.cpp:55:71:[m[K [01;31m[Kerror: [m[K‘[01m[KTYPE_TOF[m[K’ is not a member of ‘[01m[Kydlidar[m[K’; did you mean ‘[01m[KTYPE_TOF[m[K’?
[5.035s]    55 |     set_int_prop(laser_,  ydlidar::LidarPropLidarType,       ydlidar::[01;31m[KTYPE_TOF[m[K, get_logger());
[5.035s]       |                                                                       [01;31m[K^~~~~~~~[m[K
[5.035s] [01m[K/usr/local/include/core/common/ydlidar_def.h:45:3:[m[K [01;36m[Knote: [m[K‘[01m[KTYPE_TOF[m[K’ declared here
[5.035s]    45 |   [01;36m[KTYPE_TOF[m[K = 0, //TG series
[5.035s]       |   [01;36m[K^~~~~~~~[m[K
[5.036s] [01m[K/home/potato/ws/src/gs2_publisher/src/gs2_node.cpp:56:36:[m[K [01;31m[Kerror: [m[K‘[01m[KLidarPropDeviceType[m[K’ is not a member of ‘[01m[Kydlidar[m[K’; did you mean ‘[01m[KLidarPropDeviceType[m[K’?
[5.036s]    56 |     set_int_prop(laser_,  ydlidar::[01;31m[KLidarPropDeviceType[m[K,      ydlidar::YDLIDAR_TYPE_SERIAL, get_logger());
[5.036s]       |                                    [01;31m[K^~~~~~~~~~~~~~~~~~~[m[K
[5.036s] [01m[K/usr/local/include/core/common/ydlidar_def.h:67:3:[m[K [01;36m[Knote: [m[K‘[01m[KLidarPropDeviceType[m[K’ declared here
[5.036s]    67 |   [01;36m[KLidarPropDeviceType[m[K,/**< lidar connection type code */
[5.036s]       |   [01;36m[K^~~~~~~~~~~~~~~~~~~[m[K
[5.037s] [01m[K/home/potato/ws/src/gs2_publisher/src/gs2_node.cpp:56:71:[m[K [01;31m[Kerror: [m[K‘[01m[KYDLIDAR_TYPE_SERIAL[m[K’ is not a member of ‘[01m[Kydlidar[m[K’; did you mean ‘[01m[KYDLIDAR_TYPE_SERIAL[m[K’?
[5.037s]    56 |     set_int_prop(laser_,  ydlidar::LidarPropDeviceType,      ydlidar::[01;31m[KYDLIDAR_TYPE_SERIAL[m[K, get_logger());
[5.037s]       |                                                                       [01;31m[K^~~~~~~~~~~~~~~~~~~[m[K
[5.037s] [01m[K/usr/local/include/core/common/ydlidar_def.h:38:3:[m[K [01;36m[Knote: [m[K‘[01m[KYDLIDAR_TYPE_SERIAL[m[K’ declared here
[5.037s]    38 |   [01;36m[KYDLIDAR_TYPE_SERIAL[m[K = 0x0, /**< serial type.*/
[5.037s]       |   [01;36m[K^~~~~~~~~~~~~~~~~~~[m[K
[5.038s] [01m[K/home/potato/ws/src/gs2_publisher/src/gs2_node.cpp:57:36:[m[K [01;31m[Kerror: [m[K‘[01m[KLidarPropFixedResolution[m[K’ is not a member of ‘[01m[Kydlidar[m[K’; did you mean ‘[01m[KLidarPropFixedResolution[m[K’?
[5.038s]    57 |     set_bool_prop(laser_, ydlidar::[01;31m[KLidarPropFixedResolution[m[K, false, get_logger());
[5.038s]       |                                    [01;31m[K^~~~~~~~~~~~~~~~~~~~~~~~[m[K
[5.038s] [01m[K/usr/local/include/core/common/ydlidar_def.h:78:3:[m[K [01;36m[Knote: [m[K‘[01m[KLidarPropFixedResolution[m[K’ declared here
[5.038s]    78 |   [01;36m[KLidarPropFixedResolution[m[K = 30,/**< fixed angle resolution flag */
[5.038s]       |   [01;36m[K^~~~~~~~~~~~~~~~~~~~~~~~[m[K
[5.039s] [01m[K/home/potato/ws/src/gs2_publisher/src/gs2_node.cpp:58:36:[m[K [01;31m[Kerror: [m[K‘[01m[KLidarPropReversion[m[K’ is not a member of ‘[01m[Kydlidar[m[K’; did you mean ‘[01m[KLidarPropReversion[m[K’?
[5.039s]    58 |     set_bool_prop(laser_, ydlidar::[01;31m[KLidarPropReversion[m[K,       false, get_logger());
[5.039s]       |                                    [01;31m[K^~~~~~~~~~~~~~~~~~[m[K
[5.039s] [01m[K/usr/local/include/core/common/ydlidar_def.h:79:3:[m[K [01;36m[Knote: [m[K‘[01m[KLidarPropReversion[m[K’ declared here
[5.039s]    79 |   [01;36m[KLidarPropReversion[m[K,/**< lidar reversion flag */
[5.039s]       |   [01;36m[K^~~~~~~~~~~~~~~~~~[m[K
[5.039s] [01m[K/home/potato/ws/src/gs2_publisher/src/gs2_node.cpp:59:36:[m[K [01;31m[Kerror: [m[K‘[01m[KLidarPropSingleChannel[m[K’ is not a member of ‘[01m[Kydlidar[m[K’; did you mean ‘[01m[KLidarPropSingleChannel[m[K’?
[5.040s]    59 |     set_bool_prop(laser_, ydlidar::[01;31m[KLidarPropSingleChannel[m[K,   true,  get_logger());
[5.040s]       |                                    [01;31m[K^~~~~~~~~~~~~~~~~~~~~~[m[K
[5.040s] [01m[K/usr/local/include/core/common/ydlidar_def.h:82:3:[m[K [01;36m[Knote: [m[K‘[01m[KLidarPropSingleChannel[m[K’ declared here
[5.040s]    82 |   [01;36m[KLidarPropSingleChannel[m[K,/**< lidar single-channel flag */
[5.040s]       |   [01;36m[K^~~~~~~~~~~~~~~~~~~~~~[m[K
[5.040s] [01m[K/home/potato/ws/src/gs2_publisher/src/gs2_node.cpp:60:36:[m[K [01;31m[Kerror: [m[K‘[01m[KLidarPropIntenstiy[m[K’ is not a member of ‘[01m[Kydlidar[m[K’; did you mean ‘[01m[KLidarPropIntenstiy[m[K’?
[5.040s]    60 |     set_bool_prop(laser_, ydlidar::[01;31m[KLidarPropIntenstiy[m[K,       false, get_logger());
[5.040s]       |                                    [01;31m[K^~~~~~~~~~~~~~~~~~[m[K
[5.041s] [01m[K/usr/local/include/core/common/ydlidar_def.h:83:3:[m[K [01;36m[Knote: [m[K‘[01m[KLidarPropIntenstiy[m[K’ declared here
[5.041s]    83 |   [01;36m[KLidarPropIntenstiy[m[K,/**< lidar intensity flag */
[5.041s]       |   [01;36m[K^~~~~~~~~~~~~~~~~~[m[K
[5.041s] [01m[K/home/potato/ws/src/gs2_publisher/src/gs2_node.cpp:61:36:[m[K [01;31m[Kerror: [m[K‘[01m[KLidarPropSupportMotorDtr[m[K’ is not a member of ‘[01m[Kydlidar[m[K’
[5.041s]    61 |     set_bool_prop(laser_, ydlidar::[01;31m[KLidarPropSupportMotorDtr[m[K, false, get_logger());
[5.041s]       |                                    [01;31m[K^~~~~~~~~~~~~~~~~~~~~~~~[m[K
[5.042s] [01m[K/home/potato/ws/src/gs2_publisher/src/gs2_node.cpp:64:38:[m[K [01;31m[Kerror: [m[K‘[01m[KLidarPropMaxRange[m[K’ is not a member of ‘[01m[Kydlidar[m[K’; did you mean ‘[01m[KLidarPropMaxRange[m[K’?
[5.042s]    64 |     if (!laser_.setlidaropt(ydlidar::[01;31m[KLidarPropMaxRange[m[K, &rmax_, sizeof(float))) {
[5.042s]       |                                      [01;31m[K^~~~~~~~~~~~~~~~~[m[K
[5.042s] [01m[K/usr/local/include/core/common/ydlidar_def.h:72:3:[m[K [01;36m[Knote: [m[K‘[01m[KLidarPropMaxRange[m[K’ declared here
[5.042s]    72 |   [01;36m[KLidarPropMaxRange[m[K = 20,/**< lidar maximum range */
[5.042s]       |   [01;36m[K^~~~~~~~~~~~~~~~~[m[K
[5.044s] [01m[K/home/potato/ws/src/gs2_publisher/src/gs2_node.cpp:67:38:[m[K [01;31m[Kerror: [m[K‘[01m[KLidarPropMinRange[m[K’ is not a member of ‘[01m[Kydlidar[m[K’; did you mean ‘[01m[KLidarPropMinRange[m[K’?
[5.044s]    67 |     if (!laser_.setlidaropt(ydlidar::[01;31m[KLidarPropMinRange[m[K, &rmin_, sizeof(float))) {
[5.044s]       |                                      [01;31m[K^~~~~~~~~~~~~~~~~[m[K
[5.044s] [01m[K/usr/local/include/core/common/ydlidar_def.h:73:3:[m[K [01;36m[Knote: [m[K‘[01m[KLidarPropMinRange[m[K’ declared here
[5.044s]    73 |   [01;36m[KLidarPropMinRange[m[K,/**< lidar minimum range */
[5.044s]       |   [01;36m[K^~~~~~~~~~~~~~~~~[m[K
[6.455s] gmake[2]: *** [CMakeFiles/gs2_node.dir/build.make:76: CMakeFiles/gs2_node.dir/src/gs2_node.cpp.o] Error 1
[6.456s] gmake[1]: *** [CMakeFiles/Makefile2:137: CMakeFiles/gs2_node.dir/all] Error 2
[6.456s] gmake: *** [Makefile:146: all] Error 2
[6.459s] Invoked command in '/home/potato/ws/build/gs2_publisher' returned '2': /usr/bin/cmake --build /home/potato/ws/build/gs2_publisher -- -j4 -l4
