[0.021s] Invoking command in '/home/potato/ws/build/ydlidar_ros2_driver': CMAKE_PREFIX_PATH=/opt/ros/jazzy /usr/bin/cmake /home/potato/ws/src/ydlidar_ros2_driver -DCMAKE_INSTALL_PREFIX=/home/potato/ws/install/ydlidar_ros2_driver
[0.660s] -- The C compiler identification is GNU 13.3.0
[1.069s] -- The CXX compiler identification is GNU 13.3.0
[1.111s] -- Detecting C compiler ABI info
[1.299s] -- Detecting C compiler ABI info - done
[1.314s] -- Check for working C compiler: /usr/bin/cc - skipped
[1.338s] -- Detecting C compile features
[1.339s] -- Detecting C compile features - done
[1.359s] -- Detecting CXX compiler ABI info
[1.533s] -- Detecting CXX compiler ABI info - done
[1.550s] -- Check for working CXX compiler: /usr/bin/c++ - skipped
[1.550s] -- Detecting CXX compile features
[1.551s] -- Detecting CXX compile features - done
[1.558s] -- Found ament_cmake: 2.5.4 (/opt/ros/jazzy/share/ament_cmake/cmake)
[1.780s] -- Found Python3: /usr/bin/python3 (found version "3.12.3") found components: Interpreter 
[1.977s] -- Found rclcpp: 28.1.12 (/opt/ros/jazzy/share/rclcpp/cmake)
[2.026s] -- Found rosidl_generator_c: 4.6.6 (/opt/ros/jazzy/share/rosidl_generator_c/cmake)
[2.046s] -- Found rosidl_generator_cpp: 4.6.6 (/opt/ros/jazzy/share/rosidl_generator_cpp/cmake)
[2.067s] -- Using all available rosidl_typesupport_c: rosidl_typesupport_fastrtps_c;rosidl_typesupport_introspection_c
[2.090s] -- Using all available rosidl_typesupport_cpp: rosidl_typesupport_fastrtps_cpp;rosidl_typesupport_introspection_cpp
[2.185s] -- Found rmw_implementation_cmake: 7.3.2 (/opt/ros/jazzy/share/rmw_implementation_cmake/cmake)
[2.188s] [31mCMake Error at /opt/ros/jazzy/share/rmw_implementation_cmake/cmake/get_default_rmw_implementation.cmake:60 (message):
[2.189s]   Could not find ROS middleware implementation 'rmwcyclonedds_cpp'.  Choose
[2.189s]   one of the following: rmw_cyclonedds_cpp, rmw_fastrtps_cpp
[2.189s] Call Stack (most recent call first):
[2.189s]   /opt/ros/jazzy/share/rmw_implementation/cmake/rmw_implementation-extras.cmake:19 (get_default_rmw_implementation)
[2.189s]   /opt/ros/jazzy/share/rmw_implementation/cmake/rmw_implementationConfig.cmake:41 (include)
[2.189s]   /opt/ros/jazzy/share/rcl/cmake/ament_cmake_export_dependencies-extras.cmake:21 (find_package)
[2.189s]   /opt/ros/jazzy/share/rcl/cmake/rclConfig.cmake:41 (include)
[2.189s]   /opt/ros/jazzy/share/libstatistics_collector/cmake/ament_cmake_export_dependencies-extras.cmake:21 (find_package)
[2.189s]   /opt/ros/jazzy/share/libstatistics_collector/cmake/libstatistics_collectorConfig.cmake:41 (include)
[2.189s]   /opt/ros/jazzy/share/rclcpp/cmake/ament_cmake_export_dependencies-extras.cmake:21 (find_package)
[2.189s]   /opt/ros/jazzy/share/rclcpp/cmake/rclcppConfig.cmake:41 (include)
[2.189s]   CMakeLists.txt:16 (find_package)
[2.190s] 
[2.190s] [0m
[2.190s] -- Configuring incomplete, errors occurred!
[2.200s] Invoked command in '/home/potato/ws/build/ydlidar_ros2_driver' returned '1': CMAKE_PREFIX_PATH=/opt/ros/jazzy /usr/bin/cmake /home/potato/ws/src/ydlidar_ros2_driver -DCMAKE_INSTALL_PREFIX=/home/potato/ws/install/ydlidar_ros2_driver
