[0.016s] Invoking command in '/home/potato/ws/build/gs2_publisher': /usr/bin/cmake /home/potato/ws/src/gs2_publisher -DCATKIN_INSTALL_INTO_PREFIX_ROOT=0 -DCATKIN_SYMLINK_INSTALL=ON -DCMAKE_INSTALL_PREFIX=/home/potato/ws/install/gs2_publisher
[0.134s] -- The C compiler identification is GNU 13.3.0
[0.253s] -- The CXX compiler identification is GNU 13.3.0
[0.279s] -- Detecting C compiler ABI info
[0.449s] -- Detecting C compiler ABI info - done
[0.464s] -- Check for working C compiler: /usr/bin/cc - skipped
[0.465s] -- Detecting C compile features
[0.465s] -- Detecting C compile features - done
[0.478s] -- Detecting CXX compiler ABI info
[0.666s] -- Detecting CXX compiler ABI info - done
[0.682s] -- Check for working CXX compiler: /usr/bin/c++ - skipped
[0.683s] -- Detecting CXX compile features
[0.684s] -- Detecting CXX compile features - done
[0.687s] -- Found ament_cmake: 2.5.4 (/opt/ros/jazzy/share/ament_cmake/cmake)
[0.925s] -- Found Python3: /usr/bin/python3 (found version "3.12.3") found components: Interpreter 
[1.098s] -- Found rclcpp: 28.1.12 (/opt/ros/jazzy/share/rclcpp/cmake)
[1.144s] -- Found rosidl_generator_c: 4.6.6 (/opt/ros/jazzy/share/rosidl_generator_c/cmake)
[1.162s] -- Found rosidl_generator_cpp: 4.6.6 (/opt/ros/jazzy/share/rosidl_generator_cpp/cmake)
[1.184s] -- Using all available rosidl_typesupport_c: rosidl_typesupport_fastrtps_c;rosidl_typesupport_introspection_c
[1.209s] -- Using all available rosidl_typesupport_cpp: rosidl_typesupport_fastrtps_cpp;rosidl_typesupport_introspection_cpp
[1.311s] -- Found rmw_implementation_cmake: 7.3.2 (/opt/ros/jazzy/share/rmw_implementation_cmake/cmake)
[1.314s] -- Found rmw_cyclonedds_cpp: 2.2.3 (/opt/ros/jazzy/share/rmw_cyclonedds_cpp/cmake)
[1.349s] -- Using RMW implementation 'rmw_cyclonedds_cpp' as default
[1.436s] -- Found sensor_msgs: 5.3.6 (/opt/ros/jazzy/share/sensor_msgs/cmake)
[1.515s] -- Found ydlidar_sdk package
[1.516s] [33mCMake Warning at CMakeLists.txt:27 (message):
[1.516s]   ydlidar_sdk package found, but no target exported; falling back to manual
[1.516s]   link
[1.516s] 
[1.516s] [0m
[1.683s] -- Configuring done (1.7s)
[1.714s] -- Generating done (0.0s)
[1.723s] [33mCMake Warning:
[1.723s]   Manually-specified variables were not used by the project:
[1.723s] 
[1.723s]     CATKIN_INSTALL_INTO_PREFIX_ROOT
[1.723s]     CATKIN_SYMLINK_INSTALL
[1.723s] 
[1.723s] [0m
[1.728s] -- Build files have been written to: /home/potato/ws/build/gs2_publisher
[1.744s] Invoked command in '/home/potato/ws/build/gs2_publisher' returned '0': /usr/bin/cmake /home/potato/ws/src/gs2_publisher -DCATKIN_INSTALL_INTO_PREFIX_ROOT=0 -DCATKIN_SYMLINK_INSTALL=ON -DCMAKE_INSTALL_PREFIX=/home/potato/ws/install/gs2_publisher
[1.747s] Invoking command in '/home/potato/ws/build/gs2_publisher': /usr/bin/cmake --build /home/potato/ws/build/gs2_publisher -- -j4 -l4
[1.845s] [100%] Built target gs2_node
[1.865s] Invoked command in '/home/potato/ws/build/gs2_publisher' returned '0': /usr/bin/cmake --build /home/potato/ws/build/gs2_publisher -- -j4 -l4
[1.883s] Invoking command in '/home/potato/ws/build/gs2_publisher': /usr/bin/cmake --install /home/potato/ws/build/gs2_publisher
[1.895s] -- Install configuration: ""
[1.895s] -- Up-to-date: /home/potato/ws/install/gs2_publisher/lib/gs2_publisher/gs2_node
[1.896s] -- Up-to-date: /home/potato/ws/install/gs2_publisher/share/ament_index/resource_index/package_run_dependencies/gs2_publisher
[1.896s] -- Up-to-date: /home/potato/ws/install/gs2_publisher/share/ament_index/resource_index/parent_prefix_path/gs2_publisher
[1.896s] -- Up-to-date: /home/potato/ws/install/gs2_publisher/share/gs2_publisher/environment/ament_prefix_path.sh
[1.896s] -- Up-to-date: /home/potato/ws/install/gs2_publisher/share/gs2_publisher/environment/ament_prefix_path.dsv
[1.896s] -- Up-to-date: /home/potato/ws/install/gs2_publisher/share/gs2_publisher/environment/path.sh
[1.896s] -- Up-to-date: /home/potato/ws/install/gs2_publisher/share/gs2_publisher/environment/path.dsv
[1.897s] -- Up-to-date: /home/potato/ws/install/gs2_publisher/share/gs2_publisher/local_setup.bash
[1.897s] -- Up-to-date: /home/potato/ws/install/gs2_publisher/share/gs2_publisher/local_setup.sh
[1.897s] -- Up-to-date: /home/potato/ws/install/gs2_publisher/share/gs2_publisher/local_setup.zsh
[1.897s] -- Up-to-date: /home/potato/ws/install/gs2_publisher/share/gs2_publisher/local_setup.dsv
[1.897s] -- Installing: /home/potato/ws/install/gs2_publisher/share/gs2_publisher/package.dsv
[1.897s] -- Up-to-date: /home/potato/ws/install/gs2_publisher/share/ament_index/resource_index/packages/gs2_publisher
[1.897s] -- Up-to-date: /home/potato/ws/install/gs2_publisher/share/gs2_publisher/cmake/gs2_publisherConfig.cmake
[1.897s] -- Up-to-date: /home/potato/ws/install/gs2_publisher/share/gs2_publisher/cmake/gs2_publisherConfig-version.cmake
[1.897s] -- Up-to-date: /home/potato/ws/install/gs2_publisher/share/gs2_publisher/package.xml
[1.901s] Invoked command in '/home/potato/ws/build/gs2_publisher' returned '0': /usr/bin/cmake --install /home/potato/ws/build/gs2_publisher
