-- The C compiler identification is GNU 13.3.0
-- The CXX compiler identification is GNU 13.3.0
-- Detecting C compiler ABI info
-- Detecting C compiler ABI info - done
-- Check for working C compiler: /usr/bin/cc - skipped
-- Detecting C compile features
-- Detecting C compile features - done
-- Detecting CXX compiler ABI info
-- Detecting CXX compiler ABI info - done
-- Check for working CXX compiler: /usr/bin/c++ - skipped
-- Detecting CXX compile features
-- Detecting CXX compile features - done
-- Found ament_cmake: 2.5.4 (/opt/ros/jazzy/share/ament_cmake/cmake)
-- Found Python3: /usr/bin/python3 (found version "3.12.3") found components: Interpreter 
-- Found rclcpp: 28.1.12 (/opt/ros/jazzy/share/rclcpp/cmake)
-- Found rosidl_generator_c: 4.6.6 (/opt/ros/jazzy/share/rosidl_generator_c/cmake)
-- Found rosidl_generator_cpp: 4.6.6 (/opt/ros/jazzy/share/rosidl_generator_cpp/cmake)
-- Using all available rosidl_typesupport_c: rosidl_typesupport_fastrtps_c;rosidl_typesupport_introspection_c
-- Using all available rosidl_typesupport_cpp: rosidl_typesupport_fastrtps_cpp;rosidl_typesupport_introspection_cpp
-- Found rmw_implementation_cmake: 7.3.2 (/opt/ros/jazzy/share/rmw_implementation_cmake/cmake)
-- Found rmw_cyclonedds_cpp: 2.2.3 (/opt/ros/jazzy/share/rmw_cyclonedds_cpp/cmake)
-- Using RMW implementation 'rmw_cyclonedds_cpp' as default
-- Found sensor_msgs: 5.3.6 (/opt/ros/jazzy/share/sensor_msgs/cmake)
-- Found ydlidar_sdk package
[33mCMake Warning at CMakeLists.txt:27 (message):
  ydlidar_sdk package found, but no target exported; falling back to manual
  link

[0m
-- Configuring done (1.6s)
-- Generating done (0.0s)
[33mCMake Warning:
  Manually-specified variables were not used by the project:

    CATKIN_INSTALL_INTO_PREFIX_ROOT
    CATKIN_SYMLINK_INSTALL

[0m
-- Build files have been written to: /home/potato/ws/build/gs2_publisher
[ 50%] [32mBuilding CXX object CMakeFiles/gs2_node.dir/src/gs2_node.cpp.o[0m
[100%] [32m[1mLinking CXX executable gs2_node[0m
[100%] Built target gs2_node
-- Install configuration: ""
-- Installing: /home/potato/ws/install/gs2_publisher/lib/gs2_publisher/gs2_node
-- Set non-toolchain portion of runtime path of "/home/potato/ws/install/gs2_publisher/lib/gs2_publisher/gs2_node" to ""
-- Up-to-date: /home/potato/ws/install/gs2_publisher/share/ament_index/resource_index/package_run_dependencies/gs2_publisher
-- Up-to-date: /home/potato/ws/install/gs2_publisher/share/ament_index/resource_index/parent_prefix_path/gs2_publisher
-- Up-to-date: /home/potato/ws/install/gs2_publisher/share/gs2_publisher/environment/ament_prefix_path.sh
-- Up-to-date: /home/potato/ws/install/gs2_publisher/share/gs2_publisher/environment/ament_prefix_path.dsv
-- Up-to-date: /home/potato/ws/install/gs2_publisher/share/gs2_publisher/environment/path.sh
-- Up-to-date: /home/potato/ws/install/gs2_publisher/share/gs2_publisher/environment/path.dsv
-- Up-to-date: /home/potato/ws/install/gs2_publisher/share/gs2_publisher/local_setup.bash
-- Up-to-date: /home/potato/ws/install/gs2_publisher/share/gs2_publisher/local_setup.sh
-- Up-to-date: /home/potato/ws/install/gs2_publisher/share/gs2_publisher/local_setup.zsh
-- Up-to-date: /home/potato/ws/install/gs2_publisher/share/gs2_publisher/local_setup.dsv
-- Installing: /home/potato/ws/install/gs2_publisher/share/gs2_publisher/package.dsv
-- Up-to-date: /home/potato/ws/install/gs2_publisher/share/ament_index/resource_index/packages/gs2_publisher
-- Up-to-date: /home/potato/ws/install/gs2_publisher/share/gs2_publisher/cmake/gs2_publisherConfig.cmake
-- Up-to-date: /home/potato/ws/install/gs2_publisher/share/gs2_publisher/cmake/gs2_publisherConfig-version.cmake
-- Up-to-date: /home/potato/ws/install/gs2_publisher/share/gs2_publisher/package.xml
