[0.016s] Invoking command in '/home/potato/ws/build/gs2_publisher': /usr/bin/cmake /home/potato/ws/src/gs2_publisher -DCATKIN_INSTALL_INTO_PREFIX_ROOT=0 -DCATKIN_SYMLINK_INSTALL=ON -DCMAKE_INSTALL_PREFIX=/home/potato/ws/install/gs2_publisher
[0.133s] -- The C compiler identification is GNU 13.3.0
[0.253s] -- The CXX compiler identification is GNU 13.3.0
[0.279s] -- Detecting C compiler ABI info
[0.449s] -- Detecting C compiler ABI info - done
[0.465s] -- Check for working C compiler: /usr/bin/cc - skipped
[0.465s] -- Detecting C compile features
[0.466s] -- Detecting C compile features - done
[0.479s] -- Detecting CXX compiler ABI info
[0.663s] -- Detecting CXX compiler ABI info - done
[0.678s] -- Check for working CXX compiler: /usr/bin/c++ - skipped
[0.678s] -- Detecting CXX compile features
[0.679s] -- Detecting CXX compile features - done
[0.682s] -- Found ament_cmake: 2.5.4 (/opt/ros/jazzy/share/ament_cmake/cmake)
[0.923s] -- Found Python3: /usr/bin/python3 (found version "3.12.3") found components: Interpreter 
[1.095s] -- Found rclcpp: 28.1.12 (/opt/ros/jazzy/share/rclcpp/cmake)
[1.140s] -- Found rosidl_generator_c: 4.6.6 (/opt/ros/jazzy/share/rosidl_generator_c/cmake)
[1.158s] -- Found rosidl_generator_cpp: 4.6.6 (/opt/ros/jazzy/share/rosidl_generator_cpp/cmake)
[1.179s] -- Using all available rosidl_typesupport_c: rosidl_typesupport_fastrtps_c;rosidl_typesupport_introspection_c
[1.203s] -- Using all available rosidl_typesupport_cpp: rosidl_typesupport_fastrtps_cpp;rosidl_typesupport_introspection_cpp
[1.303s] -- Found rmw_implementation_cmake: 7.3.2 (/opt/ros/jazzy/share/rmw_implementation_cmake/cmake)
[1.307s] -- Found rmw_cyclonedds_cpp: 2.2.3 (/opt/ros/jazzy/share/rmw_cyclonedds_cpp/cmake)
[1.341s] -- Using RMW implementation 'rmw_cyclonedds_cpp' as default
[1.426s] -- Found sensor_msgs: 5.3.6 (/opt/ros/jazzy/share/sensor_msgs/cmake)
[1.503s] -- Found ydlidar_sdk package
[1.503s] [33mCMake Warning at CMakeLists.txt:27 (message):
[1.503s]   ydlidar_sdk package found, but no target exported; falling back to manual
[1.503s]   link
[1.503s] 
[1.504s] [0m
[1.665s] -- Configuring done (1.6s)
[1.691s] -- Generating done (0.0s)
[1.699s] [33mCMake Warning:
[1.699s]   Manually-specified variables were not used by the project:
[1.700s] 
[1.700s]     CATKIN_INSTALL_INTO_PREFIX_ROOT
[1.700s]     CATKIN_SYMLINK_INSTALL
[1.700s] 
[1.700s] [0m
[1.704s] -- Build files have been written to: /home/potato/ws/build/gs2_publisher
[1.721s] Invoked command in '/home/potato/ws/build/gs2_publisher' returned '0': /usr/bin/cmake /home/potato/ws/src/gs2_publisher -DCATKIN_INSTALL_INTO_PREFIX_ROOT=0 -DCATKIN_SYMLINK_INSTALL=ON -DCMAKE_INSTALL_PREFIX=/home/potato/ws/install/gs2_publisher
[1.724s] Invoking command in '/home/potato/ws/build/gs2_publisher': /usr/bin/cmake --build /home/potato/ws/build/gs2_publisher -- -j4 -l4
[1.820s] [ 50%] [32mBuilding CXX object CMakeFiles/gs2_node.dir/src/gs2_node.cpp.o[0m
[8.577s] [100%] [32m[1mLinking CXX executable gs2_node[0m
[8.989s] [100%] Built target gs2_node
[9.009s] Invoked command in '/home/potato/ws/build/gs2_publisher' returned '0': /usr/bin/cmake --build /home/potato/ws/build/gs2_publisher -- -j4 -l4
[9.011s] Invoking command in '/home/potato/ws/build/gs2_publisher': /usr/bin/cmake --install /home/potato/ws/build/gs2_publisher
[9.024s] -- Install configuration: ""
[9.024s] -- Installing: /home/potato/ws/install/gs2_publisher/lib/gs2_publisher/gs2_node
[9.029s] -- Set non-toolchain portion of runtime path of "/home/potato/ws/install/gs2_publisher/lib/gs2_publisher/gs2_node" to ""
[9.029s] -- Up-to-date: /home/potato/ws/install/gs2_publisher/share/ament_index/resource_index/package_run_dependencies/gs2_publisher
[9.029s] -- Up-to-date: /home/potato/ws/install/gs2_publisher/share/ament_index/resource_index/parent_prefix_path/gs2_publisher
[9.029s] -- Up-to-date: /home/potato/ws/install/gs2_publisher/share/gs2_publisher/environment/ament_prefix_path.sh
[9.030s] -- Up-to-date: /home/potato/ws/install/gs2_publisher/share/gs2_publisher/environment/ament_prefix_path.dsv
[9.030s] -- Up-to-date: /home/potato/ws/install/gs2_publisher/share/gs2_publisher/environment/path.sh
[9.030s] -- Up-to-date: /home/potato/ws/install/gs2_publisher/share/gs2_publisher/environment/path.dsv
[9.030s] -- Up-to-date: /home/potato/ws/install/gs2_publisher/share/gs2_publisher/local_setup.bash
[9.030s] -- Up-to-date: /home/potato/ws/install/gs2_publisher/share/gs2_publisher/local_setup.sh
[9.030s] -- Up-to-date: /home/potato/ws/install/gs2_publisher/share/gs2_publisher/local_setup.zsh
[9.030s] -- Up-to-date: /home/potato/ws/install/gs2_publisher/share/gs2_publisher/local_setup.dsv
[9.030s] -- Installing: /home/potato/ws/install/gs2_publisher/share/gs2_publisher/package.dsv
[9.030s] -- Up-to-date: /home/potato/ws/install/gs2_publisher/share/ament_index/resource_index/packages/gs2_publisher
[9.030s] -- Up-to-date: /home/potato/ws/install/gs2_publisher/share/gs2_publisher/cmake/gs2_publisherConfig.cmake
[9.031s] -- Up-to-date: /home/potato/ws/install/gs2_publisher/share/gs2_publisher/cmake/gs2_publisherConfig-version.cmake
[9.031s] -- Up-to-date: /home/potato/ws/install/gs2_publisher/share/gs2_publisher/package.xml
[9.033s] Invoked command in '/home/potato/ws/build/gs2_publisher' returned '0': /usr/bin/cmake --install /home/potato/ws/build/gs2_publisher
