[0.017s] Invoking command in '/home/potato/ws/build/ydlidar_ros2_driver': CMAKE_PREFIX_PATH=${CMAKE_PREFIX_PATH}:/opt/ros/jazzy /usr/bin/cmake --build /home/potato/ws/build/ydlidar_ros2_driver -- -j4 -l4
[0.115s] [100%] Built target ydlidar_ros2_driver_client
[0.116s] [100%] Built target ydlidar_ros2_driver_node
[0.136s] Invoked command in '/home/potato/ws/build/ydlidar_ros2_driver' returned '0': CMAKE_PREFIX_PATH=${CMAKE_PREFIX_PATH}:/opt/ros/jazzy /usr/bin/cmake --build /home/potato/ws/build/ydlidar_ros2_driver -- -j4 -l4
[0.155s] Invoking command in '/home/potato/ws/build/ydlidar_ros2_driver': CMAKE_PREFIX_PATH=${CMAKE_PREFIX_PATH}:/opt/ros/jazzy /usr/bin/cmake --install /home/potato/ws/build/ydlidar_ros2_driver
[0.168s] -- Install configuration: ""
[0.168s] -- Execute custom install script
[0.169s] -- Up-to-date symlink: /home/potato/ws/install/ydlidar_ros2_driver/lib/ydlidar_ros2_driver/ydlidar_ros2_driver_node
[0.169s] -- Up-to-date symlink: /home/potato/ws/install/ydlidar_ros2_driver/lib/ydlidar_ros2_driver/ydlidar_ros2_driver_client
[0.170s] -- Up-to-date symlink: /home/potato/ws/install/ydlidar_ros2_driver/share/ydlidar_ros2_driver/launch/ydlidar.py
[0.170s] -- Up-to-date symlink: /home/potato/ws/install/ydlidar_ros2_driver/share/ydlidar_ros2_driver/launch/ydlidar_launch.py
[0.170s] -- Up-to-date symlink: /home/potato/ws/install/ydlidar_ros2_driver/share/ydlidar_ros2_driver/launch/ydlidar_launch_view.py
[0.170s] -- Up-to-date symlink: /home/potato/ws/install/ydlidar_ros2_driver/share/ydlidar_ros2_driver/params/G1.yaml
[0.171s] -- Up-to-date symlink: /home/potato/ws/install/ydlidar_ros2_driver/share/ydlidar_ros2_driver/params/G2.yaml
[0.171s] -- Up-to-date symlink: /home/potato/ws/install/ydlidar_ros2_driver/share/ydlidar_ros2_driver/params/G4.yaml
[0.171s] -- Up-to-date symlink: /home/potato/ws/install/ydlidar_ros2_driver/share/ydlidar_ros2_driver/params/G6.yaml
[0.171s] -- Up-to-date symlink: /home/potato/ws/install/ydlidar_ros2_driver/share/ydlidar_ros2_driver/params/GS2.yaml
[0.171s] -- Up-to-date symlink: /home/potato/ws/install/ydlidar_ros2_driver/share/ydlidar_ros2_driver/params/GS5.yaml
[0.172s] -- Up-to-date symlink: /home/potato/ws/install/ydlidar_ros2_driver/share/ydlidar_ros2_driver/params/TEA.yaml
[0.172s] -- Up-to-date symlink: /home/potato/ws/install/ydlidar_ros2_driver/share/ydlidar_ros2_driver/params/TG.yaml
[0.172s] -- Up-to-date symlink: /home/potato/ws/install/ydlidar_ros2_driver/share/ydlidar_ros2_driver/params/Tmini-Plus-SH.yaml
[0.172s] -- Up-to-date symlink: /home/potato/ws/install/ydlidar_ros2_driver/share/ydlidar_ros2_driver/params/Tmini.yaml
[0.172s] -- Up-to-date symlink: /home/potato/ws/install/ydlidar_ros2_driver/share/ydlidar_ros2_driver/params/X2.yaml
[0.172s] -- Up-to-date symlink: /home/potato/ws/install/ydlidar_ros2_driver/share/ydlidar_ros2_driver/params/X3.yaml
[0.172s] -- Up-to-date symlink: /home/potato/ws/install/ydlidar_ros2_driver/share/ydlidar_ros2_driver/params/X4-Pro.yaml
[0.173s] -- Up-to-date symlink: /home/potato/ws/install/ydlidar_ros2_driver/share/ydlidar_ros2_driver/params/X4.yaml
[0.173s] -- Up-to-date symlink: /home/potato/ws/install/ydlidar_ros2_driver/share/ydlidar_ros2_driver/params/sdm15.yaml
[0.173s] -- Up-to-date symlink: /home/potato/ws/install/ydlidar_ros2_driver/share/ydlidar_ros2_driver/params/ydlidar.yaml
[0.173s] -- Up-to-date symlink: /home/potato/ws/install/ydlidar_ros2_driver/share/ydlidar_ros2_driver/startup/initenv.sh
[0.173s] -- Up-to-date symlink: /home/potato/ws/install/ydlidar_ros2_driver/share/ydlidar_ros2_driver/config/ydlidar.rviz
[0.174s] -- Up-to-date symlink: /home/potato/ws/install/ydlidar_ros2_driver/share/ament_index/resource_index/package_run_dependencies/ydlidar_ros2_driver
[0.174s] -- Up-to-date symlink: /home/potato/ws/install/ydlidar_ros2_driver/share/ament_index/resource_index/parent_prefix_path/ydlidar_ros2_driver
[0.174s] -- Up-to-date symlink: /home/potato/ws/install/ydlidar_ros2_driver/share/ydlidar_ros2_driver/environment/ament_prefix_path.sh
[0.174s] -- Up-to-date symlink: /home/potato/ws/install/ydlidar_ros2_driver/share/ydlidar_ros2_driver/environment/ament_prefix_path.dsv
[0.175s] -- Up-to-date symlink: /home/potato/ws/install/ydlidar_ros2_driver/share/ydlidar_ros2_driver/environment/path.sh
[0.175s] -- Up-to-date symlink: /home/potato/ws/install/ydlidar_ros2_driver/share/ydlidar_ros2_driver/environment/path.dsv
[0.175s] -- Up-to-date symlink: /home/potato/ws/install/ydlidar_ros2_driver/share/ydlidar_ros2_driver/local_setup.bash
[0.175s] -- Up-to-date symlink: /home/potato/ws/install/ydlidar_ros2_driver/share/ydlidar_ros2_driver/local_setup.sh
[0.175s] -- Up-to-date symlink: /home/potato/ws/install/ydlidar_ros2_driver/share/ydlidar_ros2_driver/local_setup.zsh
[0.176s] -- Up-to-date symlink: /home/potato/ws/install/ydlidar_ros2_driver/share/ydlidar_ros2_driver/local_setup.dsv
[0.176s] -- Symlinking: /home/potato/ws/install/ydlidar_ros2_driver/share/ydlidar_ros2_driver/package.dsv
[0.194s] -- Up-to-date symlink: /home/potato/ws/install/ydlidar_ros2_driver/share/ament_index/resource_index/packages/ydlidar_ros2_driver
[0.194s] -- Up-to-date symlink: /home/potato/ws/install/ydlidar_ros2_driver/share/ydlidar_ros2_driver/cmake/ydlidar_ros2_driverConfig.cmake
[0.194s] -- Up-to-date symlink: /home/potato/ws/install/ydlidar_ros2_driver/share/ydlidar_ros2_driver/cmake/ydlidar_ros2_driverConfig-version.cmake
[0.195s] -- Up-to-date symlink: /home/potato/ws/install/ydlidar_ros2_driver/share/ydlidar_ros2_driver/package.xml
[0.198s] Invoked command in '/home/potato/ws/build/ydlidar_ros2_driver' returned '0': CMAKE_PREFIX_PATH=${CMAKE_PREFIX_PATH}:/opt/ros/jazzy /usr/bin/cmake --install /home/potato/ws/build/ydlidar_ros2_driver
