[0.505s] DEBUG:colcon:Command line arguments: ['/usr/bin/colcon', 'build']
[0.505s] DEBUG:colcon:Parsed command line arguments: Namespace(log_base=None, log_level=None, verb_name='build', build_base='build', install_base='install', merge_install=False, symlink_install=False, test_result_base=None, continue_on_error=False, executor='parallel', parallel_workers=4, event_handlers=None, ignore_user_meta=False, metas=['./colcon.meta'], base_paths=['.'], packages_ignore=None, packages_ignore_regex=None, paths=None, packages_up_to=None, packages_up_to_regex=None, packages_above=None, packages_above_and_dependencies=None, packages_above_depth=None, packages_select_by_dep=None, packages_skip_by_dep=None, packages_skip_up_to=None, packages_select_build_failed=False, packages_skip_build_finished=False, packages_select_test_failures=False, packages_skip_test_passed=False, packages_select=None, packages_skip=None, packages_select_regex=None, packages_skip_regex=None, packages_start=None, packages_end=None, allow_overriding=[], cmake_args=None, cmake_target=None, cmake_target_skip_unavailable=False, cmake_clean_cache=False, cmake_clean_first=False, cmake_force_configure=False, ament_cmake_args=None, catkin_cmake_args=None, catkin_skip_building_tests=False, mixin_files=None, mixin=None, verb_parser=<colcon_mixin.mixin.mixin_argument.MixinArgumentDecorator object at 0xffffb0f26b70>, verb_extension=<colcon_core.verb.build.BuildVerb object at 0xffffb10d7200>, main=<bound method BuildVerb.main of <colcon_core.verb.build.BuildVerb object at 0xffffb10d7200>>, mixin_verb=('build',))
[0.633s] Level 1:colcon.colcon_core.package_discovery:discover_packages(colcon_meta) check parameters
[0.633s] Level 1:colcon.colcon_core.package_discovery:discover_packages(recursive) check parameters
[0.633s] Level 1:colcon.colcon_core.package_discovery:discover_packages(ignore) check parameters
[0.633s] Level 1:colcon.colcon_core.package_discovery:discover_packages(path) check parameters
[0.633s] Level 1:colcon.colcon_core.package_discovery:discover_packages(colcon_meta) discover
[0.633s] Level 1:colcon.colcon_core.package_discovery:discover_packages(recursive) discover
[0.634s] INFO:colcon.colcon_core.package_discovery:Crawling recursively for packages in '/home/potato/ws'
[0.634s] Level 1:colcon.colcon_core.package_identification:_identify(.) by extensions ['ignore', 'ignore_ament_install']
[0.634s] Level 1:colcon.colcon_core.package_identification:_identify(.) by extension 'ignore'
[0.634s] Level 1:colcon.colcon_core.package_identification:_identify(.) by extension 'ignore_ament_install'
[0.634s] Level 1:colcon.colcon_core.package_identification:_identify(.) by extensions ['colcon_pkg']
[0.634s] Level 1:colcon.colcon_core.package_identification:_identify(.) by extension 'colcon_pkg'
[0.634s] Level 1:colcon.colcon_core.package_identification:_identify(.) by extensions ['colcon_meta']
[0.634s] Level 1:colcon.colcon_core.package_identification:_identify(.) by extension 'colcon_meta'
[0.634s] Level 1:colcon.colcon_core.package_identification:_identify(.) by extensions ['ros']
[0.634s] Level 1:colcon.colcon_core.package_identification:_identify(.) by extension 'ros'
[0.691s] Level 1:colcon.colcon_core.package_identification:_identify(.) by extensions ['cmake', 'python']
[0.691s] Level 1:colcon.colcon_core.package_identification:_identify(.) by extension 'cmake'
[0.691s] Level 1:colcon.colcon_core.package_identification:_identify(.) by extension 'python'
[0.691s] Level 1:colcon.colcon_core.package_identification:_identify(.) by extensions ['python_setup_py']
[0.691s] Level 1:colcon.colcon_core.package_identification:_identify(.) by extension 'python_setup_py'
[0.691s] Level 1:colcon.colcon_core.package_identification:_identify(build) by extensions ['ignore', 'ignore_ament_install']
[0.691s] Level 1:colcon.colcon_core.package_identification:_identify(build) by extension 'ignore'
[0.691s] Level 1:colcon.colcon_core.package_identification:_identify(build) ignored
[0.691s] Level 1:colcon.colcon_core.package_identification:_identify(install) by extensions ['ignore', 'ignore_ament_install']
[0.692s] Level 1:colcon.colcon_core.package_identification:_identify(install) by extension 'ignore'
[0.692s] Level 1:colcon.colcon_core.package_identification:_identify(install) ignored
[0.692s] Level 1:colcon.colcon_core.package_identification:_identify(log) by extensions ['ignore', 'ignore_ament_install']
[0.692s] Level 1:colcon.colcon_core.package_identification:_identify(log) by extension 'ignore'
[0.692s] Level 1:colcon.colcon_core.package_identification:_identify(log) ignored
[0.692s] Level 1:colcon.colcon_core.package_identification:_identify(src) by extensions ['ignore', 'ignore_ament_install']
[0.692s] Level 1:colcon.colcon_core.package_identification:_identify(src) by extension 'ignore'
[0.692s] Level 1:colcon.colcon_core.package_identification:_identify(src) by extension 'ignore_ament_install'
[0.692s] Level 1:colcon.colcon_core.package_identification:_identify(src) by extensions ['colcon_pkg']
[0.692s] Level 1:colcon.colcon_core.package_identification:_identify(src) by extension 'colcon_pkg'
[0.692s] Level 1:colcon.colcon_core.package_identification:_identify(src) by extensions ['colcon_meta']
[0.692s] Level 1:colcon.colcon_core.package_identification:_identify(src) by extension 'colcon_meta'
[0.692s] Level 1:colcon.colcon_core.package_identification:_identify(src) by extensions ['ros']
[0.692s] Level 1:colcon.colcon_core.package_identification:_identify(src) by extension 'ros'
[0.693s] Level 1:colcon.colcon_core.package_identification:_identify(src) by extensions ['cmake', 'python']
[0.693s] Level 1:colcon.colcon_core.package_identification:_identify(src) by extension 'cmake'
[0.693s] Level 1:colcon.colcon_core.package_identification:_identify(src) by extension 'python'
[0.693s] Level 1:colcon.colcon_core.package_identification:_identify(src) by extensions ['python_setup_py']
[0.693s] Level 1:colcon.colcon_core.package_identification:_identify(src) by extension 'python_setup_py'
[0.693s] Level 1:colcon.colcon_core.package_identification:_identify(src/gs2_publisher) by extensions ['ignore', 'ignore_ament_install']
[0.693s] Level 1:colcon.colcon_core.package_identification:_identify(src/gs2_publisher) by extension 'ignore'
[0.693s] Level 1:colcon.colcon_core.package_identification:_identify(src/gs2_publisher) by extension 'ignore_ament_install'
[0.693s] Level 1:colcon.colcon_core.package_identification:_identify(src/gs2_publisher) by extensions ['colcon_pkg']
[0.693s] Level 1:colcon.colcon_core.package_identification:_identify(src/gs2_publisher) by extension 'colcon_pkg'
[0.693s] Level 1:colcon.colcon_core.package_identification:_identify(src/gs2_publisher) by extensions ['colcon_meta']
[0.693s] Level 1:colcon.colcon_core.package_identification:_identify(src/gs2_publisher) by extension 'colcon_meta'
[0.693s] Level 1:colcon.colcon_core.package_identification:_identify(src/gs2_publisher) by extensions ['ros']
[0.693s] Level 1:colcon.colcon_core.package_identification:_identify(src/gs2_publisher) by extension 'ros'
[0.699s] DEBUG:colcon.colcon_core.package_identification:Package 'src/gs2_publisher' with type 'ros.catkin' and name 'gs2_publisher'
[0.700s] Level 1:colcon.colcon_core.package_identification:_identify(src/ydlidar_ros2_driver) by extensions ['ignore', 'ignore_ament_install']
[0.700s] Level 1:colcon.colcon_core.package_identification:_identify(src/ydlidar_ros2_driver) by extension 'ignore'
[0.700s] Level 1:colcon.colcon_core.package_identification:_identify(src/ydlidar_ros2_driver) by extension 'ignore_ament_install'
[0.700s] Level 1:colcon.colcon_core.package_identification:_identify(src/ydlidar_ros2_driver) by extensions ['colcon_pkg']
[0.700s] Level 1:colcon.colcon_core.package_identification:_identify(src/ydlidar_ros2_driver) by extension 'colcon_pkg'
[0.700s] Level 1:colcon.colcon_core.package_identification:_identify(src/ydlidar_ros2_driver) by extensions ['colcon_meta']
[0.700s] Level 1:colcon.colcon_core.package_identification:_identify(src/ydlidar_ros2_driver) by extension 'colcon_meta'
[0.700s] Level 1:colcon.colcon_core.package_identification:_identify(src/ydlidar_ros2_driver) by extensions ['ros']
[0.700s] Level 1:colcon.colcon_core.package_identification:_identify(src/ydlidar_ros2_driver) by extension 'ros'
[0.702s] DEBUG:colcon.colcon_core.package_identification:Package 'src/ydlidar_ros2_driver' with type 'ros.ament_cmake' and name 'ydlidar_ros2_driver'
[0.702s] Level 1:colcon.colcon_core.package_discovery:discover_packages(recursive) using defaults
[0.702s] Level 1:colcon.colcon_core.package_discovery:discover_packages(ignore) discover
[0.702s] Level 1:colcon.colcon_core.package_discovery:discover_packages(ignore) using defaults
[0.702s] Level 1:colcon.colcon_core.package_discovery:discover_packages(path) discover
[0.702s] Level 1:colcon.colcon_core.package_discovery:discover_packages(path) using defaults
[0.747s] Level 1:colcon.colcon_core.package_discovery:discover_packages(prefix_path) check parameters
[0.747s] Level 1:colcon.colcon_core.package_discovery:discover_packages(prefix_path) discover
[0.754s] DEBUG:colcon.colcon_installed_package_information.package_discovery:Found 196 installed packages in /opt/ros/jazzy
[0.755s] Level 1:colcon.colcon_core.package_discovery:discover_packages(prefix_path) using defaults
[0.803s] Level 5:colcon.colcon_core.verb:set package 'gs2_publisher' build argument 'cmake_args' from command line to 'None'
[0.803s] Level 5:colcon.colcon_core.verb:set package 'gs2_publisher' build argument 'cmake_target' from command line to 'None'
[0.803s] Level 5:colcon.colcon_core.verb:set package 'gs2_publisher' build argument 'cmake_target_skip_unavailable' from command line to 'False'
[0.803s] Level 5:colcon.colcon_core.verb:set package 'gs2_publisher' build argument 'cmake_clean_cache' from command line to 'False'
[0.803s] Level 5:colcon.colcon_core.verb:set package 'gs2_publisher' build argument 'cmake_clean_first' from command line to 'False'
[0.804s] Level 5:colcon.colcon_core.verb:set package 'gs2_publisher' build argument 'cmake_force_configure' from command line to 'False'
[0.804s] Level 5:colcon.colcon_core.verb:set package 'gs2_publisher' build argument 'ament_cmake_args' from command line to 'None'
[0.804s] Level 5:colcon.colcon_core.verb:set package 'gs2_publisher' build argument 'catkin_cmake_args' from command line to 'None'
[0.804s] Level 5:colcon.colcon_core.verb:set package 'gs2_publisher' build argument 'catkin_skip_building_tests' from command line to 'False'
[0.804s] DEBUG:colcon.colcon_core.verb:Building package 'gs2_publisher' with the following arguments: {'ament_cmake_args': None, 'build_base': '/home/potato/ws/build/gs2_publisher', 'catkin_cmake_args': None, 'catkin_skip_building_tests': False, 'cmake_args': None, 'cmake_clean_cache': False, 'cmake_clean_first': False, 'cmake_force_configure': False, 'cmake_target': None, 'cmake_target_skip_unavailable': False, 'install_base': '/home/potato/ws/install/gs2_publisher', 'merge_install': False, 'path': '/home/potato/ws/src/gs2_publisher', 'symlink_install': False, 'test_result_base': None}
[0.804s] Level 5:colcon.colcon_core.verb:set package 'ydlidar_ros2_driver' build argument 'cmake_args' from command line to 'None'
[0.804s] Level 5:colcon.colcon_core.verb:set package 'ydlidar_ros2_driver' build argument 'cmake_target' from command line to 'None'
[0.804s] Level 5:colcon.colcon_core.verb:set package 'ydlidar_ros2_driver' build argument 'cmake_target_skip_unavailable' from command line to 'False'
[0.804s] Level 5:colcon.colcon_core.verb:set package 'ydlidar_ros2_driver' build argument 'cmake_clean_cache' from command line to 'False'
[0.804s] Level 5:colcon.colcon_core.verb:set package 'ydlidar_ros2_driver' build argument 'cmake_clean_first' from command line to 'False'
[0.804s] Level 5:colcon.colcon_core.verb:set package 'ydlidar_ros2_driver' build argument 'cmake_force_configure' from command line to 'False'
[0.804s] Level 5:colcon.colcon_core.verb:set package 'ydlidar_ros2_driver' build argument 'ament_cmake_args' from command line to 'None'
[0.804s] Level 5:colcon.colcon_core.verb:set package 'ydlidar_ros2_driver' build argument 'catkin_cmake_args' from command line to 'None'
[0.804s] Level 5:colcon.colcon_core.verb:set package 'ydlidar_ros2_driver' build argument 'catkin_skip_building_tests' from command line to 'False'
[0.804s] DEBUG:colcon.colcon_core.verb:Building package 'ydlidar_ros2_driver' with the following arguments: {'ament_cmake_args': None, 'build_base': '/home/potato/ws/build/ydlidar_ros2_driver', 'catkin_cmake_args': None, 'catkin_skip_building_tests': False, 'cmake_args': None, 'cmake_clean_cache': False, 'cmake_clean_first': False, 'cmake_force_configure': False, 'cmake_target': None, 'cmake_target_skip_unavailable': False, 'install_base': '/home/potato/ws/install/ydlidar_ros2_driver', 'merge_install': False, 'path': '/home/potato/ws/src/ydlidar_ros2_driver', 'symlink_install': False, 'test_result_base': None}
[0.804s] INFO:colcon.colcon_core.executor:Executing jobs using 'parallel' executor
[0.806s] DEBUG:colcon.colcon_parallel_executor.executor.parallel:run_until_complete
[0.806s] INFO:colcon.colcon_ros.task.catkin.build:Building ROS package in '/home/potato/ws/src/gs2_publisher' with build type 'catkin'
[0.806s] INFO:colcon.colcon_cmake.task.cmake.build:Building CMake package in '/home/potato/ws/src/gs2_publisher'
[0.816s] INFO:colcon.colcon_core.plugin_system:Skipping extension 'colcon_core.shell.bat': Not used on non-Windows systems
[0.816s] INFO:colcon.colcon_core.shell:Skip shell extension 'powershell' for command environment: Not usable outside of PowerShell
[0.816s] DEBUG:colcon.colcon_core.shell:Skip shell extension 'dsv' for command environment
[0.821s] INFO:colcon.colcon_ros.task.ament_cmake.build:Building ROS package in '/home/potato/ws/src/ydlidar_ros2_driver' with build type 'ament_cmake'
[0.821s] INFO:colcon.colcon_cmake.task.cmake.build:Building CMake package in '/home/potato/ws/src/ydlidar_ros2_driver'
[0.821s] INFO:colcon.colcon_core.shell:Skip shell extension 'powershell' for command environment: Not usable outside of PowerShell
[0.821s] DEBUG:colcon.colcon_core.shell:Skip shell extension 'dsv' for command environment
[0.830s] DEBUG:colcon.colcon_core.event_handler.log_command:Invoking command in '/home/potato/ws/build/gs2_publisher': /usr/bin/cmake /home/potato/ws/src/gs2_publisher -DCATKIN_INSTALL_INTO_PREFIX_ROOT=0 -DCMAKE_INSTALL_PREFIX=/home/potato/ws/install/gs2_publisher
[0.836s] DEBUG:colcon.colcon_core.event_handler.log_command:Invoking command in '/home/potato/ws/build/ydlidar_ros2_driver': CMAKE_PREFIX_PATH=/opt/ros/jazzy /usr/bin/cmake /home/potato/ws/src/ydlidar_ros2_driver -DCMAKE_INSTALL_PREFIX=/home/potato/ws/install/ydlidar_ros2_driver
[4.109s] DEBUG:colcon.colcon_core.event_handler.log_command:Invoked command in '/home/potato/ws/build/gs2_publisher' returned '0': /usr/bin/cmake /home/potato/ws/src/gs2_publisher -DCATKIN_INSTALL_INTO_PREFIX_ROOT=0 -DCMAKE_INSTALL_PREFIX=/home/potato/ws/install/gs2_publisher
[4.111s] DEBUG:colcon.colcon_core.event_handler.log_command:Invoking command in '/home/potato/ws/build/gs2_publisher': /usr/bin/cmake --build /home/potato/ws/build/gs2_publisher -- -j4 -l4
[4.122s] DEBUG:colcon.colcon_core.event_handler.log_command:Invoked command in '/home/potato/ws/build/ydlidar_ros2_driver' returned '0': CMAKE_PREFIX_PATH=/opt/ros/jazzy /usr/bin/cmake /home/potato/ws/src/ydlidar_ros2_driver -DCMAKE_INSTALL_PREFIX=/home/potato/ws/install/ydlidar_ros2_driver
[4.124s] DEBUG:colcon.colcon_core.event_handler.log_command:Invoking command in '/home/potato/ws/build/ydlidar_ros2_driver': CMAKE_PREFIX_PATH=/opt/ros/jazzy /usr/bin/cmake --build /home/potato/ws/build/ydlidar_ros2_driver -- -j4 -l4
[10.389s] Level 1:colcon.colcon_core.shell:create_environment_hook('gs2_publisher', 'ros_package_path')
[10.389s] INFO:colcon.colcon_core.shell:Creating environment hook '/home/potato/ws/install/gs2_publisher/share/gs2_publisher/hook/ros_package_path.ps1'
[10.390s] DEBUG:colcon.colcon_core.event_handler.log_command:Invoked command in '/home/potato/ws/build/gs2_publisher' returned '2': /usr/bin/cmake --build /home/potato/ws/build/gs2_publisher -- -j4 -l4
[10.393s] INFO:colcon.colcon_core.shell:Creating environment descriptor '/home/potato/ws/install/gs2_publisher/share/gs2_publisher/hook/ros_package_path.dsv'
[10.395s] INFO:colcon.colcon_core.shell:Creating environment hook '/home/potato/ws/install/gs2_publisher/share/gs2_publisher/hook/ros_package_path.sh'
[10.398s] Level 1:colcon.colcon_core.shell:create_environment_hook('gs2_publisher', 'pkg_config_path')
[10.399s] INFO:colcon.colcon_core.shell:Creating environment hook '/home/potato/ws/install/gs2_publisher/share/gs2_publisher/hook/pkg_config_path.ps1'
[10.400s] INFO:colcon.colcon_core.shell:Creating environment descriptor '/home/potato/ws/install/gs2_publisher/share/gs2_publisher/hook/pkg_config_path.dsv'
[10.401s] INFO:colcon.colcon_core.shell:Creating environment hook '/home/potato/ws/install/gs2_publisher/share/gs2_publisher/hook/pkg_config_path.sh'
[10.404s] Level 1:colcon.colcon_core.shell:create_environment_hook('gs2_publisher', 'pkg_config_path_multiarch')
[10.404s] INFO:colcon.colcon_core.shell:Creating environment hook '/home/potato/ws/install/gs2_publisher/share/gs2_publisher/hook/pkg_config_path_multiarch.ps1'
[10.405s] INFO:colcon.colcon_core.shell:Creating environment descriptor '/home/potato/ws/install/gs2_publisher/share/gs2_publisher/hook/pkg_config_path_multiarch.dsv'
[10.406s] INFO:colcon.colcon_core.shell:Creating environment hook '/home/potato/ws/install/gs2_publisher/share/gs2_publisher/hook/pkg_config_path_multiarch.sh'
[10.408s] Level 1:colcon.colcon_core.environment:create_environment_scripts_only(gs2_publisher)
[10.431s] Level 1:colcon.colcon_core.environment:checking '/home/potato/ws/install/gs2_publisher' for CMake module files
[10.433s] Level 1:colcon.colcon_core.environment:checking '/home/potato/ws/install/gs2_publisher' for CMake config files
[10.436s] Level 1:colcon.colcon_core.shell:create_environment_hook('gs2_publisher', 'cmake_prefix_path')
[10.436s] INFO:colcon.colcon_core.shell:Creating environment hook '/home/potato/ws/install/gs2_publisher/share/gs2_publisher/hook/cmake_prefix_path.ps1'
[10.437s] INFO:colcon.colcon_core.shell:Creating environment descriptor '/home/potato/ws/install/gs2_publisher/share/gs2_publisher/hook/cmake_prefix_path.dsv'
[10.438s] INFO:colcon.colcon_core.shell:Creating environment hook '/home/potato/ws/install/gs2_publisher/share/gs2_publisher/hook/cmake_prefix_path.sh'
[10.440s] Level 1:colcon.colcon_core.environment:checking '/home/potato/ws/install/gs2_publisher/lib'
[10.440s] Level 1:colcon.colcon_core.environment:checking '/home/potato/ws/install/gs2_publisher/bin'
[10.440s] Level 1:colcon.colcon_core.environment:checking '/home/potato/ws/install/gs2_publisher/lib/pkgconfig/gs2_publisher.pc'
[10.441s] Level 1:colcon.colcon_core.environment:checking '/home/potato/ws/install/gs2_publisher/lib/python3.12/site-packages'
[10.441s] Level 1:colcon.colcon_core.environment:checking '/home/potato/ws/install/gs2_publisher/bin'
[10.442s] INFO:colcon.colcon_core.shell:Creating package script '/home/potato/ws/install/gs2_publisher/share/gs2_publisher/package.ps1'
[10.445s] INFO:colcon.colcon_core.shell:Creating package descriptor '/home/potato/ws/install/gs2_publisher/share/gs2_publisher/package.dsv'
[10.448s] INFO:colcon.colcon_core.shell:Creating package script '/home/potato/ws/install/gs2_publisher/share/gs2_publisher/package.sh'
[10.450s] INFO:colcon.colcon_core.shell:Creating package script '/home/potato/ws/install/gs2_publisher/share/gs2_publisher/package.bash'
[10.454s] INFO:colcon.colcon_core.shell:Creating package script '/home/potato/ws/install/gs2_publisher/share/gs2_publisher/package.zsh'
[10.457s] Level 1:colcon.colcon_core.environment:create_file_with_runtime_dependencies(/home/potato/ws/install/gs2_publisher/share/colcon-core/packages/gs2_publisher)
[18.198s] DEBUG:colcon.colcon_parallel_executor.executor.parallel:closing loop
[18.198s] DEBUG:colcon.colcon_parallel_executor.executor.parallel:loop closed
[18.198s] DEBUG:colcon.colcon_parallel_executor.executor.parallel:run_until_complete finished with '2'
[18.198s] DEBUG:colcon.colcon_core.event_reactor:joining thread
[18.210s] INFO:colcon.colcon_core.plugin_system:Skipping extension 'colcon_notification.desktop_notification.notify_send': Could not find 'notify-send'
[18.210s] INFO:colcon.colcon_core.plugin_system:Skipping extension 'colcon_notification.desktop_notification.terminal_notifier': Not used on non-Darwin systems
[18.210s] INFO:colcon.colcon_core.plugin_system:Skipping extension 'colcon_notification.desktop_notification.win32': Not used on non-Windows systems
[18.210s] INFO:colcon.colcon_notification.desktop_notification:Sending desktop notification using 'notify2'
[18.236s] DEBUG:colcon.colcon_notification.desktop_notification.notify2:Failed to initialize notify2: org.freedesktop.DBus.Error.ServiceUnknown: The name org.freedesktop.Notifications was not provided by any .service files
[18.236s] DEBUG:colcon.colcon_core.event_reactor:joined thread
[18.237s] INFO:colcon.colcon_core.shell:Creating prefix script '/home/potato/ws/install/local_setup.ps1'
[18.238s] INFO:colcon.colcon_core.shell:Creating prefix util module '/home/potato/ws/install/_local_setup_util_ps1.py'
[18.242s] INFO:colcon.colcon_core.shell:Creating prefix chain script '/home/potato/ws/install/setup.ps1'
[18.245s] INFO:colcon.colcon_core.shell:Creating prefix script '/home/potato/ws/install/local_setup.sh'
[18.248s] INFO:colcon.colcon_core.shell:Creating prefix util module '/home/potato/ws/install/_local_setup_util_sh.py'
[18.250s] INFO:colcon.colcon_core.shell:Creating prefix chain script '/home/potato/ws/install/setup.sh'
[18.253s] INFO:colcon.colcon_core.shell:Creating prefix script '/home/potato/ws/install/local_setup.bash'
[18.255s] INFO:colcon.colcon_core.shell:Creating prefix chain script '/home/potato/ws/install/setup.bash'
[18.258s] INFO:colcon.colcon_core.shell:Creating prefix script '/home/potato/ws/install/local_setup.zsh'
[18.261s] INFO:colcon.colcon_core.shell:Creating prefix chain script '/home/potato/ws/install/setup.zsh'
