[0.015s] Invoking command in '/home/potato/ws/build/ydlidar_ros2_driver': CMAKE_PREFIX_PATH=${CMAKE_PREFIX_PATH}:/opt/ros/jazzy /usr/bin/cmake /home/potato/ws/src/ydlidar_ros2_driver -DAMENT_CMAKE_SYMLINK_INSTALL=1 -DCMAKE_INSTALL_PREFIX=/home/potato/ws/install/ydlidar_ros2_driver
[0.128s] -- The C compiler identification is GNU 13.3.0
[0.246s] -- The CXX compiler identification is GNU 13.3.0
[0.273s] -- Detecting C compiler ABI info
[0.445s] -- Detecting C compiler ABI info - done
[0.460s] -- Check for working C compiler: /usr/bin/cc - skipped
[0.460s] -- Detecting C compile features
[0.460s] -- Detecting C compile features - done
[0.474s] -- Detecting CXX compiler ABI info
[0.661s] -- Detecting CXX compiler ABI info - done
[0.676s] -- Check for working CXX compiler: /usr/bin/c++ - skipped
[0.676s] -- Detecting CXX compile features
[0.677s] -- Detecting CXX compile features - done
[0.680s] -- Found ament_cmake: 2.5.4 (/opt/ros/jazzy/share/ament_cmake/cmake)
[0.921s] -- Found Python3: /usr/bin/python3 (found version "3.12.3") found components: Interpreter 
[1.060s] -- Override CMake install command with custom implementation using symlinks instead of copying resources
[1.094s] -- Found rclcpp: 28.1.12 (/opt/ros/jazzy/share/rclcpp/cmake)
[1.138s] -- Found rosidl_generator_c: 4.6.6 (/opt/ros/jazzy/share/rosidl_generator_c/cmake)
[1.156s] -- Found rosidl_generator_cpp: 4.6.6 (/opt/ros/jazzy/share/rosidl_generator_cpp/cmake)
[1.176s] -- Using all available rosidl_typesupport_c: rosidl_typesupport_fastrtps_c;rosidl_typesupport_introspection_c
[1.200s] -- Using all available rosidl_typesupport_cpp: rosidl_typesupport_fastrtps_cpp;rosidl_typesupport_introspection_cpp
[1.297s] -- Found rmw_implementation_cmake: 7.3.2 (/opt/ros/jazzy/share/rmw_implementation_cmake/cmake)
[1.301s] -- Found rmw_cyclonedds_cpp: 2.2.3 (/opt/ros/jazzy/share/rmw_cyclonedds_cpp/cmake)
[1.334s] -- Using RMW implementation 'rmw_cyclonedds_cpp' as default
[1.418s] -- Found sensor_msgs: 5.3.6 (/opt/ros/jazzy/share/sensor_msgs/cmake)
[1.494s] -- Found visualization_msgs: 5.3.6 (/opt/ros/jazzy/share/visualization_msgs/cmake)
[1.535s] -- Found std_srvs: 5.3.6 (/opt/ros/jazzy/share/std_srvs/cmake)
[1.565s] -- Found ament_lint_auto: 0.17.3 (/opt/ros/jazzy/share/ament_lint_auto/cmake)
[1.767s] -- Added test 'copyright' to check source files copyright and LICENSE
[1.773s] -- Added test 'cppcheck' to perform static code analysis on C / C++ code
[1.774s] -- Configured cppcheck include dirs: /home/potato/ws/src/ydlidar_ros2_driver/src
[1.774s] -- Configured cppcheck exclude dirs and/or files: 
[1.779s] -- Added test 'cpplint' to check C / C++ code against the Google style
[1.780s] -- Configured cpplint exclude dirs and/or files: 
[1.781s] -- Added test 'flake8' to check Python code syntax and style conventions
[1.781s] -- Configured 'flake8' exclude dirs and/or files: 
[1.783s] -- Added test 'lint_cmake' to check CMake code style
[1.784s] -- Added test 'pep257' to check Python code against some of the docstring style conventions in PEP 257
[1.789s] -- Added test 'uncrustify' to check C / C++ code style
[1.789s] -- Configured uncrustify additional arguments: 
[1.790s] -- Added test 'xmllint' to check XML markup files
[1.792s] -- Configuring done (1.8s)
[1.830s] -- Generating done (0.0s)
[1.848s] -- Build files have been written to: /home/potato/ws/build/ydlidar_ros2_driver
[1.865s] Invoked command in '/home/potato/ws/build/ydlidar_ros2_driver' returned '0': CMAKE_PREFIX_PATH=${CMAKE_PREFIX_PATH}:/opt/ros/jazzy /usr/bin/cmake /home/potato/ws/src/ydlidar_ros2_driver -DAMENT_CMAKE_SYMLINK_INSTALL=1 -DCMAKE_INSTALL_PREFIX=/home/potato/ws/install/ydlidar_ros2_driver
[1.867s] Invoking command in '/home/potato/ws/build/ydlidar_ros2_driver': CMAKE_PREFIX_PATH=${CMAKE_PREFIX_PATH}:/opt/ros/jazzy /usr/bin/cmake --build /home/potato/ws/build/ydlidar_ros2_driver -- -j4 -l4
[1.965s] [ 50%] Built target ydlidar_ros2_driver_client
[1.971s] [100%] Built target ydlidar_ros2_driver_node
[1.990s] Invoked command in '/home/potato/ws/build/ydlidar_ros2_driver' returned '0': CMAKE_PREFIX_PATH=${CMAKE_PREFIX_PATH}:/opt/ros/jazzy /usr/bin/cmake --build /home/potato/ws/build/ydlidar_ros2_driver -- -j4 -l4
[2.009s] Invoking command in '/home/potato/ws/build/ydlidar_ros2_driver': CMAKE_PREFIX_PATH=${CMAKE_PREFIX_PATH}:/opt/ros/jazzy /usr/bin/cmake --install /home/potato/ws/build/ydlidar_ros2_driver
[2.022s] -- Install configuration: ""
[2.022s] -- Execute custom install script
[2.022s] -- Up-to-date symlink: /home/potato/ws/install/ydlidar_ros2_driver/lib/ydlidar_ros2_driver/ydlidar_ros2_driver_node
[2.023s] -- Up-to-date symlink: /home/potato/ws/install/ydlidar_ros2_driver/lib/ydlidar_ros2_driver/ydlidar_ros2_driver_client
[2.023s] -- Up-to-date symlink: /home/potato/ws/install/ydlidar_ros2_driver/share/ydlidar_ros2_driver/launch/ydlidar.py
[2.023s] -- Up-to-date symlink: /home/potato/ws/install/ydlidar_ros2_driver/share/ydlidar_ros2_driver/launch/ydlidar_launch.py
[2.023s] -- Up-to-date symlink: /home/potato/ws/install/ydlidar_ros2_driver/share/ydlidar_ros2_driver/launch/ydlidar_launch_view.py
[2.024s] -- Up-to-date symlink: /home/potato/ws/install/ydlidar_ros2_driver/share/ydlidar_ros2_driver/params/G1.yaml
[2.024s] -- Up-to-date symlink: /home/potato/ws/install/ydlidar_ros2_driver/share/ydlidar_ros2_driver/params/G2.yaml
[2.024s] -- Up-to-date symlink: /home/potato/ws/install/ydlidar_ros2_driver/share/ydlidar_ros2_driver/params/G4.yaml
[2.024s] -- Up-to-date symlink: /home/potato/ws/install/ydlidar_ros2_driver/share/ydlidar_ros2_driver/params/G6.yaml
[2.024s] -- Up-to-date symlink: /home/potato/ws/install/ydlidar_ros2_driver/share/ydlidar_ros2_driver/params/GS2.yaml
[2.025s] -- Up-to-date symlink: /home/potato/ws/install/ydlidar_ros2_driver/share/ydlidar_ros2_driver/params/GS5.yaml
[2.025s] -- Up-to-date symlink: /home/potato/ws/install/ydlidar_ros2_driver/share/ydlidar_ros2_driver/params/TEA.yaml
[2.025s] -- Up-to-date symlink: /home/potato/ws/install/ydlidar_ros2_driver/share/ydlidar_ros2_driver/params/TG.yaml
[2.025s] -- Up-to-date symlink: /home/potato/ws/install/ydlidar_ros2_driver/share/ydlidar_ros2_driver/params/Tmini-Plus-SH.yaml
[2.025s] -- Up-to-date symlink: /home/potato/ws/install/ydlidar_ros2_driver/share/ydlidar_ros2_driver/params/Tmini.yaml
[2.025s] -- Up-to-date symlink: /home/potato/ws/install/ydlidar_ros2_driver/share/ydlidar_ros2_driver/params/X2.yaml
[2.025s] -- Up-to-date symlink: /home/potato/ws/install/ydlidar_ros2_driver/share/ydlidar_ros2_driver/params/X3.yaml
[2.025s] -- Up-to-date symlink: /home/potato/ws/install/ydlidar_ros2_driver/share/ydlidar_ros2_driver/params/X4-Pro.yaml
[2.026s] -- Up-to-date symlink: /home/potato/ws/install/ydlidar_ros2_driver/share/ydlidar_ros2_driver/params/X4.yaml
[2.026s] -- Up-to-date symlink: /home/potato/ws/install/ydlidar_ros2_driver/share/ydlidar_ros2_driver/params/sdm15.yaml
[2.026s] -- Up-to-date symlink: /home/potato/ws/install/ydlidar_ros2_driver/share/ydlidar_ros2_driver/params/ydlidar.yaml
[2.026s] -- Up-to-date symlink: /home/potato/ws/install/ydlidar_ros2_driver/share/ydlidar_ros2_driver/startup/initenv.sh
[2.026s] -- Up-to-date symlink: /home/potato/ws/install/ydlidar_ros2_driver/share/ydlidar_ros2_driver/config/ydlidar.rviz
[2.027s] -- Up-to-date symlink: /home/potato/ws/install/ydlidar_ros2_driver/share/ament_index/resource_index/package_run_dependencies/ydlidar_ros2_driver
[2.027s] -- Up-to-date symlink: /home/potato/ws/install/ydlidar_ros2_driver/share/ament_index/resource_index/parent_prefix_path/ydlidar_ros2_driver
[2.027s] -- Up-to-date symlink: /home/potato/ws/install/ydlidar_ros2_driver/share/ydlidar_ros2_driver/environment/ament_prefix_path.sh
[2.027s] -- Up-to-date symlink: /home/potato/ws/install/ydlidar_ros2_driver/share/ydlidar_ros2_driver/environment/ament_prefix_path.dsv
[2.027s] -- Up-to-date symlink: /home/potato/ws/install/ydlidar_ros2_driver/share/ydlidar_ros2_driver/environment/path.sh
[2.028s] -- Up-to-date symlink: /home/potato/ws/install/ydlidar_ros2_driver/share/ydlidar_ros2_driver/environment/path.dsv
[2.028s] -- Up-to-date symlink: /home/potato/ws/install/ydlidar_ros2_driver/share/ydlidar_ros2_driver/local_setup.bash
[2.028s] -- Up-to-date symlink: /home/potato/ws/install/ydlidar_ros2_driver/share/ydlidar_ros2_driver/local_setup.sh
[2.028s] -- Up-to-date symlink: /home/potato/ws/install/ydlidar_ros2_driver/share/ydlidar_ros2_driver/local_setup.zsh
[2.028s] -- Up-to-date symlink: /home/potato/ws/install/ydlidar_ros2_driver/share/ydlidar_ros2_driver/local_setup.dsv
[2.029s] -- Symlinking: /home/potato/ws/install/ydlidar_ros2_driver/share/ydlidar_ros2_driver/package.dsv
[2.044s] -- Up-to-date symlink: /home/potato/ws/install/ydlidar_ros2_driver/share/ament_index/resource_index/packages/ydlidar_ros2_driver
[2.044s] -- Up-to-date symlink: /home/potato/ws/install/ydlidar_ros2_driver/share/ydlidar_ros2_driver/cmake/ydlidar_ros2_driverConfig.cmake
[2.045s] -- Up-to-date symlink: /home/potato/ws/install/ydlidar_ros2_driver/share/ydlidar_ros2_driver/cmake/ydlidar_ros2_driverConfig-version.cmake
[2.045s] -- Up-to-date symlink: /home/potato/ws/install/ydlidar_ros2_driver/share/ydlidar_ros2_driver/package.xml
[2.048s] Invoked command in '/home/potato/ws/build/ydlidar_ros2_driver' returned '0': CMAKE_PREFIX_PATH=${CMAKE_PREFIX_PATH}:/opt/ros/jazzy /usr/bin/cmake --install /home/potato/ws/build/ydlidar_ros2_driver
