[0.016s] Invoking command in '/home/potato/ws/build/ydlidar_ros2_driver': CMAKE_PREFIX_PATH=/opt/ros/jazzy /usr/bin/cmake /home/potato/ws/src/ydlidar_ros2_driver -DAMENT_CMAKE_SYMLINK_INSTALL=1 -DCMAKE_INSTALL_PREFIX=/home/potato/ws/install/ydlidar_ros2_driver
[0.127s] -- The C compiler identification is GNU 13.3.0
[0.246s] -- The CXX compiler identification is GNU 13.3.0
[0.273s] -- Detecting C compiler ABI info
[0.444s] -- Detecting C compiler ABI info - done
[0.459s] -- Check for working C compiler: /usr/bin/cc - skipped
[0.459s] -- Detecting C compile features
[0.460s] -- Detecting C compile features - done
[0.473s] -- Detecting CXX compiler ABI info
[0.662s] -- Detecting CXX compiler ABI info - done
[0.677s] -- Check for working CXX compiler: /usr/bin/c++ - skipped
[0.678s] -- Detecting CXX compile features
[0.678s] -- Detecting CXX compile features - done
[0.681s] -- Found ament_cmake: 2.5.4 (/opt/ros/jazzy/share/ament_cmake/cmake)
[0.915s] -- Found Python3: /usr/bin/python3 (found version "3.12.3") found components: Interpreter 
[1.054s] -- Override CMake install command with custom implementation using symlinks instead of copying resources
[1.089s] -- Found rclcpp: 28.1.12 (/opt/ros/jazzy/share/rclcpp/cmake)
[1.130s] -- Found rosidl_generator_c: 4.6.6 (/opt/ros/jazzy/share/rosidl_generator_c/cmake)
[1.147s] -- Found rosidl_generator_cpp: 4.6.6 (/opt/ros/jazzy/share/rosidl_generator_cpp/cmake)
[1.167s] -- Using all available rosidl_typesupport_c: rosidl_typesupport_fastrtps_c;rosidl_typesupport_introspection_c
[1.190s] -- Using all available rosidl_typesupport_cpp: rosidl_typesupport_fastrtps_cpp;rosidl_typesupport_introspection_cpp
[1.286s] -- Found rmw_implementation_cmake: 7.3.2 (/opt/ros/jazzy/share/rmw_implementation_cmake/cmake)
[1.289s] -- Found rmw_cyclonedds_cpp: 2.2.3 (/opt/ros/jazzy/share/rmw_cyclonedds_cpp/cmake)
[1.321s] -- Using RMW implementation 'rmw_cyclonedds_cpp' as default
[1.405s] -- Found sensor_msgs: 5.3.6 (/opt/ros/jazzy/share/sensor_msgs/cmake)
[1.484s] -- Found visualization_msgs: 5.3.6 (/opt/ros/jazzy/share/visualization_msgs/cmake)
[1.524s] -- Found std_srvs: 5.3.6 (/opt/ros/jazzy/share/std_srvs/cmake)
[1.558s] -- Found ament_lint_auto: 0.17.3 (/opt/ros/jazzy/share/ament_lint_auto/cmake)
[1.754s] -- Added test 'copyright' to check source files copyright and LICENSE
[1.760s] -- Added test 'cppcheck' to perform static code analysis on C / C++ code
[1.760s] -- Configured cppcheck include dirs: /home/potato/ws/src/ydlidar_ros2_driver/src
[1.760s] -- Configured cppcheck exclude dirs and/or files: 
[1.766s] -- Added test 'cpplint' to check C / C++ code against the Google style
[1.766s] -- Configured cpplint exclude dirs and/or files: 
[1.768s] -- Added test 'flake8' to check Python code syntax and style conventions
[1.768s] -- Configured 'flake8' exclude dirs and/or files: 
[1.770s] -- Added test 'lint_cmake' to check CMake code style
[1.771s] -- Added test 'pep257' to check Python code against some of the docstring style conventions in PEP 257
[1.777s] -- Added test 'uncrustify' to check C / C++ code style
[1.777s] -- Configured uncrustify additional arguments: 
[1.778s] -- Added test 'xmllint' to check XML markup files
[1.780s] -- Configuring done (1.8s)
[1.812s] -- Generating done (0.0s)
[1.821s] -- Build files have been written to: /home/potato/ws/build/ydlidar_ros2_driver
[1.841s] Invoked command in '/home/potato/ws/build/ydlidar_ros2_driver' returned '0': CMAKE_PREFIX_PATH=/opt/ros/jazzy /usr/bin/cmake /home/potato/ws/src/ydlidar_ros2_driver -DAMENT_CMAKE_SYMLINK_INSTALL=1 -DCMAKE_INSTALL_PREFIX=/home/potato/ws/install/ydlidar_ros2_driver
[1.844s] Invoking command in '/home/potato/ws/build/ydlidar_ros2_driver': CMAKE_PREFIX_PATH=/opt/ros/jazzy /usr/bin/cmake --build /home/potato/ws/build/ydlidar_ros2_driver -- -j4 -l4
[1.946s] [ 25%] [32m[1mLinking CXX executable ydlidar_ros2_driver_client[0m
[1.951s] [ 50%] [32m[1mLinking CXX executable ydlidar_ros2_driver_node[0m
[3.095s] [ 75%] Built target ydlidar_ros2_driver_node
[3.184s] [100%] Built target ydlidar_ros2_driver_client
[3.204s] Invoked command in '/home/potato/ws/build/ydlidar_ros2_driver' returned '0': CMAKE_PREFIX_PATH=/opt/ros/jazzy /usr/bin/cmake --build /home/potato/ws/build/ydlidar_ros2_driver -- -j4 -l4
[3.221s] Invoking command in '/home/potato/ws/build/ydlidar_ros2_driver': CMAKE_PREFIX_PATH=/opt/ros/jazzy /usr/bin/cmake --install /home/potato/ws/build/ydlidar_ros2_driver
[3.235s] -- Install configuration: ""
[3.236s] -- Execute custom install script
[3.238s] -- Up-to-date symlink: /home/potato/ws/install/ydlidar_ros2_driver/lib/ydlidar_ros2_driver/ydlidar_ros2_driver_node
[3.239s] -- Up-to-date symlink: /home/potato/ws/install/ydlidar_ros2_driver/lib/ydlidar_ros2_driver/ydlidar_ros2_driver_client
[3.240s] -- Up-to-date symlink: /home/potato/ws/install/ydlidar_ros2_driver/share/ydlidar_ros2_driver/launch/ydlidar.py
[3.241s] -- Up-to-date symlink: /home/potato/ws/install/ydlidar_ros2_driver/share/ydlidar_ros2_driver/launch/ydlidar_launch.py
[3.241s] -- Up-to-date symlink: /home/potato/ws/install/ydlidar_ros2_driver/share/ydlidar_ros2_driver/launch/ydlidar_launch_view.py
[3.242s] -- Up-to-date symlink: /home/potato/ws/install/ydlidar_ros2_driver/share/ydlidar_ros2_driver/params/G1.yaml
[3.242s] -- Up-to-date symlink: /home/potato/ws/install/ydlidar_ros2_driver/share/ydlidar_ros2_driver/params/G2.yaml
[3.242s] -- Up-to-date symlink: /home/potato/ws/install/ydlidar_ros2_driver/share/ydlidar_ros2_driver/params/G4.yaml
[3.243s] -- Up-to-date symlink: /home/potato/ws/install/ydlidar_ros2_driver/share/ydlidar_ros2_driver/params/G6.yaml
[3.243s] -- Up-to-date symlink: /home/potato/ws/install/ydlidar_ros2_driver/share/ydlidar_ros2_driver/params/GS2.yaml
[3.243s] -- Up-to-date symlink: /home/potato/ws/install/ydlidar_ros2_driver/share/ydlidar_ros2_driver/params/GS5.yaml
[3.243s] -- Up-to-date symlink: /home/potato/ws/install/ydlidar_ros2_driver/share/ydlidar_ros2_driver/params/TEA.yaml
[3.243s] -- Up-to-date symlink: /home/potato/ws/install/ydlidar_ros2_driver/share/ydlidar_ros2_driver/params/TG.yaml
[3.244s] -- Up-to-date symlink: /home/potato/ws/install/ydlidar_ros2_driver/share/ydlidar_ros2_driver/params/Tmini-Plus-SH.yaml
[3.244s] -- Up-to-date symlink: /home/potato/ws/install/ydlidar_ros2_driver/share/ydlidar_ros2_driver/params/Tmini.yaml
[3.244s] -- Up-to-date symlink: /home/potato/ws/install/ydlidar_ros2_driver/share/ydlidar_ros2_driver/params/X2.yaml
[3.244s] -- Up-to-date symlink: /home/potato/ws/install/ydlidar_ros2_driver/share/ydlidar_ros2_driver/params/X3.yaml
[3.244s] -- Up-to-date symlink: /home/potato/ws/install/ydlidar_ros2_driver/share/ydlidar_ros2_driver/params/X4-Pro.yaml
[3.245s] -- Up-to-date symlink: /home/potato/ws/install/ydlidar_ros2_driver/share/ydlidar_ros2_driver/params/X4.yaml
[3.245s] -- Up-to-date symlink: /home/potato/ws/install/ydlidar_ros2_driver/share/ydlidar_ros2_driver/params/sdm15.yaml
[3.245s] -- Up-to-date symlink: /home/potato/ws/install/ydlidar_ros2_driver/share/ydlidar_ros2_driver/params/ydlidar.yaml
[3.246s] -- Up-to-date symlink: /home/potato/ws/install/ydlidar_ros2_driver/share/ydlidar_ros2_driver/startup/initenv.sh
[3.246s] -- Up-to-date symlink: /home/potato/ws/install/ydlidar_ros2_driver/share/ydlidar_ros2_driver/config/ydlidar.rviz
[3.247s] -- Up-to-date symlink: /home/potato/ws/install/ydlidar_ros2_driver/share/ament_index/resource_index/package_run_dependencies/ydlidar_ros2_driver
[3.248s] -- Up-to-date symlink: /home/potato/ws/install/ydlidar_ros2_driver/share/ament_index/resource_index/parent_prefix_path/ydlidar_ros2_driver
[3.249s] -- Up-to-date symlink: /home/potato/ws/install/ydlidar_ros2_driver/share/ydlidar_ros2_driver/environment/ament_prefix_path.sh
[3.250s] -- Up-to-date symlink: /home/potato/ws/install/ydlidar_ros2_driver/share/ydlidar_ros2_driver/environment/ament_prefix_path.dsv
[3.251s] -- Up-to-date symlink: /home/potato/ws/install/ydlidar_ros2_driver/share/ydlidar_ros2_driver/environment/path.sh
[3.251s] -- Up-to-date symlink: /home/potato/ws/install/ydlidar_ros2_driver/share/ydlidar_ros2_driver/environment/path.dsv
[3.252s] -- Up-to-date symlink: /home/potato/ws/install/ydlidar_ros2_driver/share/ydlidar_ros2_driver/local_setup.bash
[3.252s] -- Up-to-date symlink: /home/potato/ws/install/ydlidar_ros2_driver/share/ydlidar_ros2_driver/local_setup.sh
[3.253s] -- Up-to-date symlink: /home/potato/ws/install/ydlidar_ros2_driver/share/ydlidar_ros2_driver/local_setup.zsh
[3.254s] -- Up-to-date symlink: /home/potato/ws/install/ydlidar_ros2_driver/share/ydlidar_ros2_driver/local_setup.dsv
[3.254s] -- Symlinking: /home/potato/ws/install/ydlidar_ros2_driver/share/ydlidar_ros2_driver/package.dsv
[3.271s] -- Up-to-date symlink: /home/potato/ws/install/ydlidar_ros2_driver/share/ament_index/resource_index/packages/ydlidar_ros2_driver
[3.272s] -- Up-to-date symlink: /home/potato/ws/install/ydlidar_ros2_driver/share/ydlidar_ros2_driver/cmake/ydlidar_ros2_driverConfig.cmake
[3.273s] -- Up-to-date symlink: /home/potato/ws/install/ydlidar_ros2_driver/share/ydlidar_ros2_driver/cmake/ydlidar_ros2_driverConfig-version.cmake
[3.273s] -- Up-to-date symlink: /home/potato/ws/install/ydlidar_ros2_driver/share/ydlidar_ros2_driver/package.xml
[3.277s] Invoked command in '/home/potato/ws/build/ydlidar_ros2_driver' returned '0': CMAKE_PREFIX_PATH=/opt/ros/jazzy /usr/bin/cmake --install /home/potato/ws/build/ydlidar_ros2_driver
