-- The C compiler identification is GNU 13.3.0
-- The CXX compiler identification is GNU 13.3.0
-- Detecting C compiler ABI info
-- Detecting C compiler ABI info - done
-- Check for working C compiler: /usr/bin/cc - skipped
-- Detecting C compile features
-- Detecting C compile features - done
-- Detecting CXX compiler ABI info
-- Detecting CXX compiler ABI info - done
-- Check for working CXX compiler: /usr/bin/c++ - skipped
-- Detecting CXX compile features
-- Detecting CXX compile features - done
-- Found ament_cmake: 2.5.4 (/opt/ros/jazzy/share/ament_cmake/cmake)
-- Found Python3: /usr/bin/python3 (found version "3.12.3") found components: Interpreter 
-- Found rclcpp: 28.1.12 (/opt/ros/jazzy/share/rclcpp/cmake)
-- Found rosidl_generator_c: 4.6.6 (/opt/ros/jazzy/share/rosidl_generator_c/cmake)
-- Found rosidl_generator_cpp: 4.6.6 (/opt/ros/jazzy/share/rosidl_generator_cpp/cmake)
-- Using all available rosidl_typesupport_c: rosidl_typesupport_fastrtps_c;rosidl_typesupport_introspection_c
-- Using all available rosidl_typesupport_cpp: rosidl_typesupport_fastrtps_cpp;rosidl_typesupport_introspection_cpp
-- Found rmw_implementation_cmake: 7.3.2 (/opt/ros/jazzy/share/rmw_implementation_cmake/cmake)
-- Found rmw_cyclonedds_cpp: 2.2.3 (/opt/ros/jazzy/share/rmw_cyclonedds_cpp/cmake)
-- Using RMW implementation 'rmw_cyclonedds_cpp' as default
-- Found sensor_msgs: 5.3.6 (/opt/ros/jazzy/share/sensor_msgs/cmake)
-- Found ydlidar_sdk package
[33mCMake Warning at CMakeLists.txt:27 (message):
  ydlidar_sdk package found, but no target exported; falling back to manual
  link

[0m
-- Configuring done (1.6s)
-- Generating done (0.0s)
[33mCMake Warning:
  Manually-specified variables were not used by the project:

    CATKIN_INSTALL_INTO_PREFIX_ROOT
    CATKIN_SYMLINK_INSTALL

[0m
-- Build files have been written to: /home/potato/ws/build/gs2_publisher
[ 50%] [32mBuilding CXX object CMakeFiles/gs2_node.dir/src/gs2_node.cpp.o[0m
[01m[K/home/potato/ws/src/gs2_publisher/src/gs2_node.cpp:11:16:[m[K [01;31m[Kerror: [m[K‘[01m[KCYdLidar[m[K’ has not been declared in ‘[01m[Kydlidar[m[K’
   11 | using ydlidar::[01;31m[KCYdLidar[m[K;
      |                [01;31m[K^~~~~~~~[m[K
[01m[K/home/potato/ws/src/gs2_publisher/src/gs2_node.cpp:12:16:[m[K [01;31m[Kerror: [m[K‘[01m[KLaserScan[m[K’ has not been declared in ‘[01m[Kydlidar[m[K’
   12 | using ydlidar::[01;31m[KLaserScan[m[K;
      |                [01;31m[K^~~~~~~~~[m[K
[01m[K/home/potato/ws/src/gs2_publisher/src/gs2_node.cpp:[m[K In constructor ‘[01m[KGS2Node::[01;32m[KGS2Node[m[K()[m[K’:
[01m[K/home/potato/ws/src/gs2_publisher/src/gs2_node.cpp:29:12:[m[K [01;31m[Kerror: [m[K‘[01m[Kclass CYdLidar[m[K’ has no member named ‘[01m[KsetSerialPort[m[K’; did you mean ‘[01m[Kstd::string CYdLidar::m_SerialPort[m[K’? (not accessible from this context)
   29 |     laser_.[01;31m[KsetSerialPort[m[K(port_.c_str());
      |            [01;31m[K^~~~~~~~~~~~~[m[K
In file included from [01m[K/home/potato/ws/src/gs2_publisher/src/gs2_node.cpp:4[m[K:
[01m[K/usr/local/include/src/CYdLidar.h:342:15:[m[K [01;36m[Knote: [m[Kdeclared private here
  342 |   std::string [01;36m[Km_SerialPort[m[K;         ///< LiDAR serial port
      |               [01;36m[K^~~~~~~~~~~~[m[K
[01m[K/home/potato/ws/src/gs2_publisher/src/gs2_node.cpp:30:12:[m[K [01;31m[Kerror: [m[K‘[01m[Kclass CYdLidar[m[K’ has no member named ‘[01m[KsetSerialBaudrate[m[K’; did you mean ‘[01m[Kint CYdLidar::m_SerialBaudrate[m[K’? (not accessible from this context)
   30 |     laser_.[01;31m[KsetSerialBaudrate[m[K(baud_);
      |            [01;31m[K^~~~~~~~~~~~~~~~~[m[K
[01m[K/usr/local/include/src/CYdLidar.h:357:7:[m[K [01;36m[Knote: [m[Kdeclared private here
  357 |   int [01;36m[Km_SerialBaudrate[m[K;             ///< LiDAR serial baudrate or network port
      |       [01;36m[K^~~~~~~~~~~~~~~~[m[K
[01m[K/home/potato/ws/src/gs2_publisher/src/gs2_node.cpp:31:12:[m[K [01;31m[Kerror: [m[K‘[01m[Kclass CYdLidar[m[K’ has no member named ‘[01m[KsetLidarType[m[K’; did you mean ‘[01m[Kint CYdLidar::m_LidarType[m[K’? (not accessible from this context)
   31 |     laser_.[01;31m[KsetLidarType[m[K(TYPE_TOF);
      |            [01;31m[K^~~~~~~~~~~~[m[K
[01m[K/usr/local/include/src/CYdLidar.h:358:7:[m[K [01;36m[Knote: [m[Kdeclared private here
  358 |   int [01;36m[Km_LidarType[m[K;                  ///< LiDAR type
      |       [01;36m[K^~~~~~~~~~~[m[K
[01m[K/home/potato/ws/src/gs2_publisher/src/gs2_node.cpp:32:12:[m[K [01;31m[Kerror: [m[K‘[01m[Kclass CYdLidar[m[K’ has no member named ‘[01m[KsetDeviceType[m[K’; did you mean ‘[01m[Kint CYdLidar::m_DeviceType[m[K’? (not accessible from this context)
   32 |     laser_.[01;31m[KsetDeviceType[m[K(DEVICE_TYPE_SERIAL);
      |            [01;31m[K^~~~~~~~~~~~~[m[K
[01m[K/usr/local/include/src/CYdLidar.h:359:7:[m[K [01;36m[Knote: [m[Kdeclared private here
  359 |   int [01;36m[Km_DeviceType[m[K;                 ///< LiDAR device type
      |       [01;36m[K^~~~~~~~~~~~[m[K
[01m[K/home/potato/ws/src/gs2_publisher/src/gs2_node.cpp:32:26:[m[K [01;31m[Kerror: [m[K‘[01m[KDEVICE_TYPE_SERIAL[m[K’ was not declared in this scope; did you mean ‘[01m[KYDLIDAR_TYPE_SERIAL[m[K’?
   32 |     laser_.setDeviceType([01;31m[KDEVICE_TYPE_SERIAL[m[K);
      |                          [01;31m[K^~~~~~~~~~~~~~~~~~[m[K
      |                          [32m[KYDLIDAR_TYPE_SERIAL[m[K
[01m[K/home/potato/ws/src/gs2_publisher/src/gs2_node.cpp:33:12:[m[K [01;31m[Kerror: [m[K‘[01m[Kclass CYdLidar[m[K’ has no member named ‘[01m[KsetFixedResolution[m[K’; did you mean ‘[01m[Kbool CYdLidar::m_FixedResolution[m[K’? (not accessible from this context)
   33 |     laser_.[01;31m[KsetFixedResolution[m[K(false);
      |            [01;31m[K^~~~~~~~~~~~~~~~~~[m[K
[01m[K/usr/local/include/src/CYdLidar.h:346:8:[m[K [01;36m[Knote: [m[Kdeclared private here
  346 |   bool [01;36m[Km_FixedResolution[m[K;           ///< LiDAR fixed angle resolution
      |        [01;36m[K^~~~~~~~~~~~~~~~~[m[K
[01m[K/home/potato/ws/src/gs2_publisher/src/gs2_node.cpp:34:12:[m[K [01;31m[Kerror: [m[K‘[01m[Kclass CYdLidar[m[K’ has no member named ‘[01m[KsetReversion[m[K’; did you mean ‘[01m[Kbool CYdLidar::m_Reversion[m[K’? (not accessible from this context)
   34 |     laser_.[01;31m[KsetReversion[m[K(false);
      |            [01;31m[K^~~~~~~~~~~~[m[K
[01m[K/usr/local/include/src/CYdLidar.h:347:8:[m[K [01;36m[Knote: [m[Kdeclared private here
  347 |   bool [01;36m[Km_Reversion[m[K;                 ///< LiDAR reversion
      |        [01;36m[K^~~~~~~~~~~[m[K
[01m[K/home/potato/ws/src/gs2_publisher/src/gs2_node.cpp:35:12:[m[K [01;31m[Kerror: [m[K‘[01m[Kclass CYdLidar[m[K’ has no member named ‘[01m[KsetSingleChannel[m[K’; did you mean ‘[01m[Kbool CYdLidar::m_SingleChannel[m[K’? (not accessible from this context)
   35 |     laser_.[01;31m[KsetSingleChannel[m[K(true);
      |            [01;31m[K^~~~~~~~~~~~~~~~[m[K
[01m[K/usr/local/include/src/CYdLidar.h:350:8:[m[K [01;36m[Knote: [m[Kdeclared private here
  350 |   bool [01;36m[Km_SingleChannel[m[K;             ///< LiDAR single channel
      |        [01;36m[K^~~~~~~~~~~~~~~[m[K
[01m[K/home/potato/ws/src/gs2_publisher/src/gs2_node.cpp:36:12:[m[K [01;31m[Kerror: [m[K‘[01m[Kclass CYdLidar[m[K’ has no member named ‘[01m[KsetIntensity[m[K’; did you mean ‘[01m[Kbool CYdLidar::m_Intensity[m[K’? (not accessible from this context)
   36 |     laser_.[01;31m[KsetIntensity[m[K(false);
      |            [01;31m[K^~~~~~~~~~~~[m[K
[01m[K/usr/local/include/src/CYdLidar.h:351:8:[m[K [01;36m[Knote: [m[Kdeclared private here
  351 |   bool [01;36m[Km_Intensity[m[K;                 ///< LiDAR Intensity
      |        [01;36m[K^~~~~~~~~~~[m[K
[01m[K/home/potato/ws/src/gs2_publisher/src/gs2_node.cpp:37:12:[m[K [01;31m[Kerror: [m[K‘[01m[Kclass CYdLidar[m[K’ has no member named ‘[01m[KsetSupportMotorDTR[m[K’
   37 |     laser_.[01;31m[KsetSupportMotorDTR[m[K(false);
      |            [01;31m[K^~~~~~~~~~~~~~~~~~[m[K
[01m[K/home/potato/ws/src/gs2_publisher/src/gs2_node.cpp:38:12:[m[K [01;31m[Kerror: [m[K‘[01m[Kclass CYdLidar[m[K’ has no member named ‘[01m[KsetIgnoreArray[m[K’; did you mean ‘[01m[Kstd::vector<float> CYdLidar::m_IgnoreArray[m[K’? (not accessible from this context)
   38 |     laser_.[01;31m[KsetIgnoreArray[m[K("");   // no ignored angles
      |            [01;31m[K^~~~~~~~~~~~~~[m[K
[01m[K/usr/local/include/src/CYdLidar.h:344:22:[m[K [01;36m[Knote: [m[Kdeclared private here
  344 |   std::vector<float> [01;36m[Km_IgnoreArray[m[K; ///< LiDAR ignore array
      |                      [01;36m[K^~~~~~~~~~~~~[m[K
[01m[K/home/potato/ws/src/gs2_publisher/src/gs2_node.cpp:39:12:[m[K [01;31m[Kerror: [m[K‘[01m[Kclass CYdLidar[m[K’ has no member named ‘[01m[KsetMaxRange[m[K’; did you mean ‘[01m[Kfloat CYdLidar::m_MaxRange[m[K’? (not accessible from this context)
   39 |     laser_.[01;31m[KsetMaxRange[m[K(range_max_);
      |            [01;31m[K^~~~~~~~~~~[m[K
[01m[K/usr/local/include/src/CYdLidar.h:366:9:[m[K [01;36m[Knote: [m[Kdeclared private here
  366 |   float [01;36m[Km_MaxRange[m[K;                 ///< LiDAR maximum range
      |         [01;36m[K^~~~~~~~~~[m[K
[01m[K/home/potato/ws/src/gs2_publisher/src/gs2_node.cpp:40:12:[m[K [01;31m[Kerror: [m[K‘[01m[Kclass CYdLidar[m[K’ has no member named ‘[01m[KsetMinRange[m[K’; did you mean ‘[01m[Kfloat CYdLidar::m_MinRange[m[K’? (not accessible from this context)
   40 |     laser_.[01;31m[KsetMinRange[m[K(range_min_);
      |            [01;31m[K^~~~~~~~~~~[m[K
[01m[K/usr/local/include/src/CYdLidar.h:367:9:[m[K [01;36m[Knote: [m[Kdeclared private here
  367 |   float [01;36m[Km_MinRange[m[K;                 ///< LiDAR minimum range
      |         [01;36m[K^~~~~~~~~~[m[K
gmake[2]: *** [CMakeFiles/gs2_node.dir/build.make:76: CMakeFiles/gs2_node.dir/src/gs2_node.cpp.o] Error 1
gmake[1]: *** [CMakeFiles/Makefile2:137: CMakeFiles/gs2_node.dir/all] Error 2
gmake: *** [Makefile:146: all] Error 2
